{"/Users/colinrabyniuk/Projects/notion-graph-view/server/src/app.module.ts": {"path":"/Users/colinrabyniuk/Projects/notion-graph-view/server/src/app.module.ts","statementMap":{"0":{"start":{"line":1,"column":0},"end":{"line":1,"column":40}},"1":{"start":{"line":2,"column":0},"end":{"line":2,"column":46}},"2":{"start":{"line":3,"column":0},"end":{"line":3,"column":91}},"3":{"start":{"line":4,"column":0},"end":{"line":4,"column":81}},"4":{"start":{"line":5,"column":0},"end":{"line":5,"column":79}},"5":{"start":{"line":6,"column":0},"end":{"line":6,"column":84}},"6":{"start":{"line":7,"column":0},"end":{"line":7,"column":45}},"7":{"start":{"line":31,"column":7},"end":{"line":31,"column":null}},"8":{"start":{"line":31,"column":13},"end":{"line":31,"column":22}},"9":{"start":{"line":31,"column":13},"end":{"line":31,"column":null}}},"fnMap":{},"branchMap":{},"s":{"0":0,"1":0,"2":0,"3":0,"4":0,"5":0,"6":0,"7":0,"8":0,"9":0},"f":{},"b":{}}
,"/Users/colinrabyniuk/Projects/notion-graph-view/server/src/main.ts": {"path":"/Users/colinrabyniuk/Projects/notion-graph-view/server/src/main.ts","statementMap":{"0":{"start":{"line":1,"column":0},"end":{"line":1,"column":43}},"1":{"start":{"line":2,"column":0},"end":{"line":2,"column":48}},"2":{"start":{"line":3,"column":0},"end":{"line":3,"column":41}},"3":{"start":{"line":4,"column":0},"end":{"line":4,"column":65}},"4":{"start":{"line":7,"column":14},"end":{"line":7,"column":49}},"5":{"start":{"line":10,"column":2},"end":{"line":14,"column":6}},"6":{"start":{"line":17,"column":17},"end":{"line":21,"column":12}},"7":{"start":{"line":23,"column":19},"end":{"line":23,"column":60}},"8":{"start":{"line":24,"column":2},"end":{"line":24,"column":44}},"9":{"start":{"line":27,"column":2},"end":{"line":27,"column":19}},"10":{"start":{"line":29,"column":2},"end":{"line":29,"column":25}},"11":{"start":{"line":32,"column":0},"end":{"line":32,"column":12}}},"fnMap":{"0":{"name":"bootstrap","decl":{"start":{"line":6,"column":15},"end":{"line":6,"column":24}},"loc":{"start":{"line":6,"column":24},"end":{"line":30,"column":1}}}},"branchMap":{},"s":{"0":0,"1":0,"2":0,"3":0,"4":0,"5":0,"6":0,"7":0,"8":0,"9":0,"10":0,"11":0},"f":{"0":0},"b":{}}
,"/Users/colinrabyniuk/Projects/notion-graph-view/server/src/iam/iam.module.ts": {"path":"/Users/colinrabyniuk/Projects/notion-graph-view/server/src/iam/iam.module.ts","statementMap":{"0":{"start":{"line":1,"column":0},"end":{"line":1,"column":40}},"1":{"start":{"line":2,"column":0},"end":{"line":2,"column":40}},"2":{"start":{"line":3,"column":0},"end":{"line":3,"column":61}},"3":{"start":{"line":6,"column":0},"end":{"line":6,"column":79}},"4":{"start":{"line":7,"column":0},"end":{"line":7,"column":79}},"5":{"start":{"line":10,"column":0},"end":{"line":10,"column":66}},"6":{"start":{"line":11,"column":0},"end":{"line":11,"column":66}},"7":{"start":{"line":14,"column":0},"end":{"line":14,"column":64}},"8":{"start":{"line":15,"column":0},"end":{"line":15,"column":80}},"9":{"start":{"line":18,"column":0},"end":{"line":18,"column":83}},"10":{"start":{"line":19,"column":0},"end":{"line":19,"column":85}},"11":{"start":{"line":55,"column":7},"end":{"line":55,"column":null}},"12":{"start":{"line":55,"column":13},"end":{"line":55,"column":22}},"13":{"start":{"line":55,"column":13},"end":{"line":55,"column":null}},"14":{"start":{"line":26,"column":53},"end":{"line":29,"column":8}}},"fnMap":{"0":{"name":"(anonymous_1)","decl":{"start":{"line":26,"column":18},"end":{"line":26,"column":19}},"loc":{"start":{"line":26,"column":53},"end":{"line":29,"column":8}}}},"branchMap":{},"s":{"0":0,"1":0,"2":0,"3":0,"4":0,"5":0,"6":0,"7":0,"8":0,"9":0,"10":0,"11":0,"12":0,"13":0,"14":0},"f":{"0":0},"b":{}}
,"/Users/colinrabyniuk/Projects/notion-graph-view/server/src/iam/application/dtos/auth-request.dto.ts": {"path":"/Users/colinrabyniuk/Projects/notion-graph-view/server/src/iam/application/dtos/auth-request.dto.ts","statementMap":{"0":{"start":{"line":1,"column":0},"end":{"line":1,"column":75}},"1":{"start":{"line":2,"column":0},"end":{"line":2,"column":46}},"2":{"start":{"line":4,"column":0},"end":{"line":4,"column":13}},"3":{"start":{"line":8,"column":2},"end":{"line":8,"column":null}},"4":{"start":{"line":13,"column":2},"end":{"line":13,"column":null}},"5":{"start":{"line":18,"column":2},"end":{"line":18,"column":null}},"6":{"start":{"line":21,"column":0},"end":{"line":21,"column":13}},"7":{"start":{"line":25,"column":2},"end":{"line":25,"column":null}},"8":{"start":{"line":30,"column":2},"end":{"line":30,"column":null}},"9":{"start":{"line":33,"column":0},"end":{"line":33,"column":13}},"10":{"start":{"line":37,"column":2},"end":{"line":37,"column":null}},"11":{"start":{"line":42,"column":2},"end":{"line":42,"column":null}}},"fnMap":{},"branchMap":{},"s":{"0":0,"1":0,"2":0,"3":0,"4":0,"5":0,"6":0,"7":0,"8":0,"9":0,"10":0,"11":0},"f":{},"b":{}}
,"/Users/colinrabyniuk/Projects/notion-graph-view/server/src/iam/application/dtos/auth-response.dto.ts": {"path":"/Users/colinrabyniuk/Projects/notion-graph-view/server/src/iam/application/dtos/auth-response.dto.ts","statementMap":{"0":{"start":{"line":1,"column":0},"end":{"line":1,"column":46}},"1":{"start":{"line":3,"column":0},"end":{"line":3,"column":13}},"2":{"start":{"line":5,"column":2},"end":{"line":5,"column":null}},"3":{"start":{"line":8,"column":2},"end":{"line":8,"column":null}},"4":{"start":{"line":11,"column":0},"end":{"line":11,"column":13}},"5":{"start":{"line":13,"column":2},"end":{"line":13,"column":null}},"6":{"start":{"line":16,"column":2},"end":{"line":16,"column":null}},"7":{"start":{"line":19,"column":2},"end":{"line":19,"column":null}},"8":{"start":{"line":22,"column":2},"end":{"line":22,"column":null}},"9":{"start":{"line":25,"column":2},"end":{"line":25,"column":null}}},"fnMap":{},"branchMap":{},"s":{"0":0,"1":0,"2":0,"3":0,"4":0,"5":0,"6":0,"7":0,"8":0,"9":0},"f":{},"b":{}}
,"/Users/colinrabyniuk/Projects/notion-graph-view/server/src/iam/application/dtos/user.dto.ts": {"path":"/Users/colinrabyniuk/Projects/notion-graph-view/server/src/iam/application/dtos/user.dto.ts","statementMap":{"0":{"start":{"line":1,"column":0},"end":{"line":1,"column":46}},"1":{"start":{"line":3,"column":0},"end":{"line":3,"column":13}},"2":{"start":{"line":5,"column":2},"end":{"line":5,"column":null}},"3":{"start":{"line":8,"column":2},"end":{"line":8,"column":null}},"4":{"start":{"line":11,"column":2},"end":{"line":11,"column":null}},"5":{"start":{"line":14,"column":2},"end":{"line":14,"column":null}},"6":{"start":{"line":17,"column":2},"end":{"line":17,"column":null}},"7":{"start":{"line":20,"column":2},"end":{"line":20,"column":null}},"8":{"start":{"line":23,"column":2},"end":{"line":23,"column":null}},"9":{"start":{"line":26,"column":0},"end":{"line":26,"column":13}},"10":{"start":{"line":28,"column":2},"end":{"line":28,"column":null}},"11":{"start":{"line":31,"column":2},"end":{"line":31,"column":null}}},"fnMap":{},"branchMap":{},"s":{"0":0,"1":0,"2":0,"3":0,"4":0,"5":0,"6":0,"7":0,"8":0,"9":0,"10":0,"11":0},"f":{},"b":{}}
,"/Users/colinrabyniuk/Projects/notion-graph-view/server/src/iam/application/services/auth.service.ts": {"path":"/Users/colinrabyniuk/Projects/notion-graph-view/server/src/iam/application/services/auth.service.ts","statementMap":{"0":{"start":{"line":1,"column":0},"end":{"line":1,"column":94}},"1":{"start":{"line":2,"column":0},"end":{"line":2,"column":47}},"2":{"start":{"line":3,"column":0},"end":{"line":3,"column":41}},"3":{"start":{"line":4,"column":0},"end":{"line":4,"column":33}},"4":{"start":{"line":5,"column":0},"end":{"line":5,"column":36}},"5":{"start":{"line":7,"column":0},"end":{"line":7,"column":55}},"6":{"start":{"line":8,"column":0},"end":{"line":8,"column":72}},"7":{"start":{"line":9,"column":0},"end":{"line":9,"column":88}},"8":{"start":{"line":11,"column":0},"end":{"line":11,"column":93}},"9":{"start":{"line":17,"column":7},"end":{"line":133,"column":null}},"10":{"start":{"line":20,"column":21},"end":{"line":20,"column":52}},"11":{"start":{"line":21,"column":21},"end":{"line":21,"column":33}},"12":{"start":{"line":22,"column":21},"end":{"line":22,"column":36}},"13":{"start":{"line":23,"column":21},"end":{"line":23,"column":31}},"14":{"start":{"line":28,"column":25},"end":{"line":28,"column":73}},"15":{"start":{"line":29,"column":4},"end":{"line":31,"column":5}},"16":{"start":{"line":30,"column":6},"end":{"line":30,"column":57}},"17":{"start":{"line":34,"column":27},"end":{"line":34,"column":62}},"18":{"start":{"line":37,"column":17},"end":{"line":40,"column":null}},"19":{"start":{"line":44,"column":4},"end":{"line":44,"column":41}},"20":{"start":{"line":47,"column":18},"end":{"line":47,"column":48}},"21":{"start":{"line":50,"column":4},"end":{"line":50,"column":54}},"22":{"start":{"line":51,"column":4},"end":{"line":51,"column":23}},"23":{"start":{"line":53,"column":4},"end":{"line":53,"column":44}},"24":{"start":{"line":58,"column":17},"end":{"line":58,"column":65}},"25":{"start":{"line":59,"column":4},"end":{"line":61,"column":5}},"26":{"start":{"line":60,"column":6},"end":{"line":60,"column":61}},"27":{"start":{"line":64,"column":28},"end":{"line":64,"column":80}},"28":{"start":{"line":65,"column":4},"end":{"line":67,"column":5}},"29":{"start":{"line":66,"column":6},"end":{"line":66,"column":61}},"30":{"start":{"line":70,"column":18},"end":{"line":70,"column":48}},"31":{"start":{"line":73,"column":4},"end":{"line":73,"column":29}},"32":{"start":{"line":74,"column":4},"end":{"line":74,"column":41}},"33":{"start":{"line":77,"column":4},"end":{"line":77,"column":54}},"34":{"start":{"line":78,"column":4},"end":{"line":78,"column":23}},"35":{"start":{"line":80,"column":4},"end":{"line":80,"column":44}},"36":{"start":{"line":85,"column":17},"end":{"line":85,"column":59}},"37":{"start":{"line":86,"column":4},"end":{"line":88,"column":5}},"38":{"start":{"line":87,"column":6},"end":{"line":87,"column":56}},"39":{"start":{"line":91,"column":24},"end":{"line":93,"column":null}},"40":{"start":{"line":97,"column":4},"end":{"line":97,"column":43}},"41":{"start":{"line":98,"column":4},"end":{"line":98,"column":41}},"42":{"start":{"line":101,"column":18},"end":{"line":101,"column":48}},"43":{"start":{"line":103,"column":4},"end":{"line":103,"column":44}},"44":{"start":{"line":107,"column":20},"end":{"line":111,"column":6}},"45":{"start":{"line":113,"column":18},"end":{"line":116,"column":6}},"46":{"start":{"line":118,"column":4},"end":{"line":118,"column":35}},"47":{"start":{"line":122,"column":4},"end":{"line":131,"column":6}},"48":{"start":{"line":17,"column":13},"end":{"line":17,"column":24}},"49":{"start":{"line":17,"column":13},"end":{"line":133,"column":null}}},"fnMap":{"0":{"name":"(anonymous_4)","decl":{"start":{"line":18,"column":2},"end":{"line":18,"column":null}},"loc":{"start":{"line":23,"column":46},"end":{"line":24,"column":6}}},"1":{"name":"(anonymous_5)","decl":{"start":{"line":26,"column":2},"end":{"line":26,"column":7}},"loc":{"start":{"line":26,"column":37},"end":{"line":54,"column":3}}},"2":{"name":"(anonymous_6)","decl":{"start":{"line":56,"column":2},"end":{"line":56,"column":7}},"loc":{"start":{"line":56,"column":31},"end":{"line":81,"column":3}}},"3":{"name":"(anonymous_7)","decl":{"start":{"line":83,"column":2},"end":{"line":83,"column":7}},"loc":{"start":{"line":83,"column":56},"end":{"line":104,"column":3}}},"4":{"name":"(anonymous_8)","decl":{"start":{"line":106,"column":10},"end":{"line":106,"column":15}},"loc":{"start":{"line":106,"column":40},"end":{"line":119,"column":3}}},"5":{"name":"(anonymous_9)","decl":{"start":{"line":121,"column":10},"end":{"line":121,"column":24}},"loc":{"start":{"line":121,"column":53},"end":{"line":132,"column":3}}}},"branchMap":{"0":{"loc":{"start":{"line":29,"column":4},"end":{"line":31,"column":5}},"type":"if","locations":[{"start":{"line":29,"column":4},"end":{"line":31,"column":5}}]},"1":{"loc":{"start":{"line":59,"column":4},"end":{"line":61,"column":5}},"type":"if","locations":[{"start":{"line":59,"column":4},"end":{"line":61,"column":5}}]},"2":{"loc":{"start":{"line":65,"column":4},"end":{"line":67,"column":5}},"type":"if","locations":[{"start":{"line":65,"column":4},"end":{"line":67,"column":5}}]},"3":{"loc":{"start":{"line":86,"column":4},"end":{"line":88,"column":5}},"type":"if","locations":[{"start":{"line":86,"column":4},"end":{"line":88,"column":5}}]}},"s":{"0":0,"1":0,"2":0,"3":0,"4":0,"5":0,"6":0,"7":0,"8":0,"9":0,"10":0,"11":0,"12":0,"13":0,"14":0,"15":0,"16":0,"17":0,"18":0,"19":0,"20":0,"21":0,"22":0,"23":0,"24":0,"25":0,"26":0,"27":0,"28":0,"29":0,"30":0,"31":0,"32":0,"33":0,"34":0,"35":0,"36":0,"37":0,"38":0,"39":0,"40":0,"41":0,"42":0,"43":0,"44":0,"45":0,"46":0,"47":0,"48":0,"49":0},"f":{"0":0,"1":0,"2":0,"3":0,"4":0,"5":0},"b":{"0":[0],"1":[0],"2":[0],"3":[0]}}
,"/Users/colinrabyniuk/Projects/notion-graph-view/server/src/iam/application/services/user.service.ts": {"path":"/Users/colinrabyniuk/Projects/notion-graph-view/server/src/iam/application/services/user.service.ts","statementMap":{"0":{"start":{"line":1,"column":0},"end":{"line":1,"column":71}},"1":{"start":{"line":7,"column":7},"end":{"line":56,"column":null}},"2":{"start":{"line":10,"column":21},"end":{"line":10,"column":52}},"3":{"start":{"line":14,"column":17},"end":{"line":14,"column":55}},"4":{"start":{"line":15,"column":4},"end":{"line":17,"column":5}},"5":{"start":{"line":16,"column":6},"end":{"line":16,"column":52}},"6":{"start":{"line":18,"column":4},"end":{"line":18,"column":32}},"7":{"start":{"line":22,"column":17},"end":{"line":22,"column":61}},"8":{"start":{"line":23,"column":4},"end":{"line":25,"column":5}},"9":{"start":{"line":24,"column":6},"end":{"line":24,"column":52}},"10":{"start":{"line":26,"column":4},"end":{"line":26,"column":32}},"11":{"start":{"line":30,"column":17},"end":{"line":30,"column":79}},"12":{"start":{"line":31,"column":4},"end":{"line":33,"column":5}},"13":{"start":{"line":32,"column":6},"end":{"line":32,"column":52}},"14":{"start":{"line":34,"column":4},"end":{"line":34,"column":32}},"15":{"start":{"line":38,"column":18},"end":{"line":38,"column":53}},"16":{"start":{"line":39,"column":4},"end":{"line":42,"column":6}},"17":{"start":{"line":40,"column":31},"end":{"line":40,"column":51}},"18":{"start":{"line":46,"column":4},"end":{"line":54,"column":6}},"19":{"start":{"line":7,"column":13},"end":{"line":7,"column":24}},"20":{"start":{"line":7,"column":13},"end":{"line":56,"column":null}}},"fnMap":{"0":{"name":"(anonymous_4)","decl":{"start":{"line":8,"column":2},"end":{"line":8,"column":null}},"loc":{"start":{"line":10,"column":52},"end":{"line":11,"column":6}}},"1":{"name":"(anonymous_5)","decl":{"start":{"line":13,"column":2},"end":{"line":13,"column":7}},"loc":{"start":{"line":13,"column":27},"end":{"line":19,"column":3}}},"2":{"name":"(anonymous_6)","decl":{"start":{"line":21,"column":2},"end":{"line":21,"column":7}},"loc":{"start":{"line":21,"column":33},"end":{"line":27,"column":3}}},"3":{"name":"(anonymous_7)","decl":{"start":{"line":29,"column":2},"end":{"line":29,"column":7}},"loc":{"start":{"line":29,"column":49},"end":{"line":35,"column":3}}},"4":{"name":"(anonymous_8)","decl":{"start":{"line":37,"column":2},"end":{"line":37,"column":7}},"loc":{"start":{"line":37,"column":15},"end":{"line":43,"column":3}}},"5":{"name":"(anonymous_9)","decl":{"start":{"line":40,"column":23},"end":{"line":40,"column":27}},"loc":{"start":{"line":40,"column":31},"end":{"line":40,"column":51}}},"6":{"name":"(anonymous_10)","decl":{"start":{"line":45,"column":10},"end":{"line":45,"column":19}},"loc":{"start":{"line":45,"column":30},"end":{"line":55,"column":3}}}},"branchMap":{"0":{"loc":{"start":{"line":15,"column":4},"end":{"line":17,"column":5}},"type":"if","locations":[{"start":{"line":15,"column":4},"end":{"line":17,"column":5}}]},"1":{"loc":{"start":{"line":23,"column":4},"end":{"line":25,"column":5}},"type":"if","locations":[{"start":{"line":23,"column":4},"end":{"line":25,"column":5}}]},"2":{"loc":{"start":{"line":31,"column":4},"end":{"line":33,"column":5}},"type":"if","locations":[{"start":{"line":31,"column":4},"end":{"line":33,"column":5}}]}},"s":{"0":0,"1":0,"2":0,"3":0,"4":0,"5":0,"6":0,"7":0,"8":0,"9":0,"10":0,"11":0,"12":0,"13":0,"14":0,"15":0,"16":0,"17":0,"18":0,"19":0,"20":0},"f":{"0":0,"1":0,"2":0,"3":0,"4":0,"5":0,"6":0},"b":{"0":[0],"1":[0],"2":[0]}}
,"/Users/colinrabyniuk/Projects/notion-graph-view/server/src/iam/domain/events/user-authenticated.event.ts": {"path":"/Users/colinrabyniuk/Projects/notion-graph-view/server/src/iam/domain/events/user-authenticated.event.ts","statementMap":{"0":{"start":{"line":7,"column":20},"end":{"line":7,"column":34}},"1":{"start":{"line":8,"column":20},"end":{"line":8,"column":36}},"2":{"start":{"line":4,"column":11},"end":{"line":4,"column":43}},"3":{"start":{"line":3,"column":0},"end":{"line":3,"column":13}}},"fnMap":{"0":{"name":"(anonymous_0)","decl":{"start":{"line":6,"column":2},"end":{"line":6,"column":null}},"loc":{"start":{"line":8,"column":36},"end":{"line":9,"column":6}}}},"branchMap":{},"s":{"0":0,"1":0,"2":0,"3":0},"f":{"0":0},"b":{}}
,"/Users/colinrabyniuk/Projects/notion-graph-view/server/src/iam/domain/events/user-registered.event.ts": {"path":"/Users/colinrabyniuk/Projects/notion-graph-view/server/src/iam/domain/events/user-registered.event.ts","statementMap":{"0":{"start":{"line":7,"column":20},"end":{"line":7,"column":34}},"1":{"start":{"line":8,"column":20},"end":{"line":8,"column":33}},"2":{"start":{"line":9,"column":20},"end":{"line":9,"column":32}},"3":{"start":{"line":10,"column":20},"end":{"line":10,"column":36}},"4":{"start":{"line":4,"column":11},"end":{"line":4,"column":40}},"5":{"start":{"line":3,"column":0},"end":{"line":3,"column":13}}},"fnMap":{"0":{"name":"(anonymous_0)","decl":{"start":{"line":6,"column":2},"end":{"line":6,"column":null}},"loc":{"start":{"line":10,"column":36},"end":{"line":11,"column":6}}}},"branchMap":{},"s":{"0":0,"1":0,"2":0,"3":0,"4":0,"5":0},"f":{"0":0},"b":{}}
,"/Users/colinrabyniuk/Projects/notion-graph-view/server/src/iam/domain/models/auth-token.value-object.ts": {"path":"/Users/colinrabyniuk/Projects/notion-graph-view/server/src/iam/domain/models/auth-token.value-object.ts","statementMap":{"0":{"start":{"line":5,"column":21},"end":{"line":5,"column":34}},"1":{"start":{"line":6,"column":21},"end":{"line":6,"column":36}},"2":{"start":{"line":10,"column":4},"end":{"line":11,"column":66}},"3":{"start":{"line":15,"column":4},"end":{"line":15,"column":39}},"4":{"start":{"line":19,"column":4},"end":{"line":19,"column":22}},"5":{"start":{"line":23,"column":4},"end":{"line":23,"column":26}},"6":{"start":{"line":28,"column":22},"end":{"line":28,"column":32}},"7":{"start":{"line":29,"column":4},"end":{"line":29,"column":63}},"8":{"start":{"line":30,"column":4},"end":{"line":30,"column":43}},"9":{"start":{"line":3,"column":0},"end":{"line":3,"column":13}}},"fnMap":{"0":{"name":"(anonymous_0)","decl":{"start":{"line":4,"column":2},"end":{"line":4,"column":null}},"loc":{"start":{"line":6,"column":36},"end":{"line":7,"column":6}}},"1":{"name":"(anonymous_1)","decl":{"start":{"line":9,"column":2},"end":{"line":9,"column":8}},"loc":{"start":{"line":9,"column":25},"end":{"line":12,"column":3}}},"2":{"name":"(anonymous_2)","decl":{"start":{"line":14,"column":2},"end":{"line":14,"column":11}},"loc":{"start":{"line":14,"column":11},"end":{"line":16,"column":3}}},"3":{"name":"(anonymous_3)","decl":{"start":{"line":18,"column":2},"end":{"line":18,"column":10}},"loc":{"start":{"line":18,"column":10},"end":{"line":20,"column":3}}},"4":{"name":"(anonymous_4)","decl":{"start":{"line":22,"column":2},"end":{"line":22,"column":14}},"loc":{"start":{"line":22,"column":14},"end":{"line":24,"column":3}}},"5":{"name":"(anonymous_5)","decl":{"start":{"line":27,"column":2},"end":{"line":27,"column":8}},"loc":{"start":{"line":27,"column":59},"end":{"line":31,"column":3}}}},"branchMap":{"0":{"loc":{"start":{"line":10,"column":11},"end":{"line":11,"column":65}},"type":"binary-expr","locations":[{"start":{"line":10,"column":11},"end":{"line":10,"column":37}},{"start":{"line":11,"column":11},"end":{"line":11,"column":65}}]},"1":{"loc":{"start":{"line":27,"column":31},"end":{"line":27,"column":59}},"type":"default-arg","locations":[{"start":{"line":27,"column":57},"end":{"line":27,"column":59}}]}},"s":{"0":0,"1":0,"2":0,"3":0,"4":0,"5":0,"6":0,"7":0,"8":0,"9":0},"f":{"0":0,"1":0,"2":0,"3":0,"4":0,"5":0},"b":{"0":[0,0],"1":[0]}}
,"/Users/colinrabyniuk/Projects/notion-graph-view/server/src/iam/domain/models/notion-credentials.value-object.ts": {"path":"/Users/colinrabyniuk/Projects/notion-graph-view/server/src/iam/domain/models/notion-credentials.value-object.ts","statementMap":{"0":{"start":{"line":5,"column":21},"end":{"line":5,"column":40}},"1":{"start":{"line":6,"column":21},"end":{"line":6,"column":40}},"2":{"start":{"line":7,"column":21},"end":{"line":7,"column":36}},"3":{"start":{"line":11,"column":4},"end":{"line":13,"column":66}},"4":{"start":{"line":17,"column":4},"end":{"line":17,"column":39}},"5":{"start":{"line":21,"column":4},"end":{"line":21,"column":28}},"6":{"start":{"line":25,"column":4},"end":{"line":25,"column":28}},"7":{"start":{"line":29,"column":4},"end":{"line":29,"column":26}},"8":{"start":{"line":38,"column":22},"end":{"line":38,"column":32}},"9":{"start":{"line":39,"column":4},"end":{"line":39,"column":63}},"10":{"start":{"line":40,"column":4},"end":{"line":40,"column":70}},"11":{"start":{"line":3,"column":0},"end":{"line":3,"column":13}}},"fnMap":{"0":{"name":"(anonymous_0)","decl":{"start":{"line":4,"column":2},"end":{"line":4,"column":null}},"loc":{"start":{"line":7,"column":36},"end":{"line":8,"column":6}}},"1":{"name":"(anonymous_1)","decl":{"start":{"line":10,"column":2},"end":{"line":10,"column":8}},"loc":{"start":{"line":10,"column":33},"end":{"line":14,"column":3}}},"2":{"name":"(anonymous_2)","decl":{"start":{"line":16,"column":2},"end":{"line":16,"column":11}},"loc":{"start":{"line":16,"column":11},"end":{"line":18,"column":3}}},"3":{"name":"(anonymous_3)","decl":{"start":{"line":20,"column":2},"end":{"line":20,"column":16}},"loc":{"start":{"line":20,"column":16},"end":{"line":22,"column":3}}},"4":{"name":"(anonymous_4)","decl":{"start":{"line":24,"column":2},"end":{"line":24,"column":16}},"loc":{"start":{"line":24,"column":16},"end":{"line":26,"column":3}}},"5":{"name":"(anonymous_5)","decl":{"start":{"line":28,"column":2},"end":{"line":28,"column":14}},"loc":{"start":{"line":28,"column":14},"end":{"line":30,"column":3}}}},"branchMap":{"0":{"loc":{"start":{"line":11,"column":11},"end":{"line":13,"column":65}},"type":"binary-expr","locations":[{"start":{"line":11,"column":11},"end":{"line":11,"column":49}},{"start":{"line":12,"column":11},"end":{"line":12,"column":49}},{"start":{"line":13,"column":11},"end":{"line":13,"column":65}}]},"1":{"loc":{"start":{"line":36,"column":4},"end":{"line":36,"column":33}},"type":"default-arg","locations":[{"start":{"line":36,"column":30},"end":{"line":36,"column":33}}]}},"s":{"0":0,"1":0,"2":0,"3":0,"4":0,"5":0,"6":0,"7":0,"8":0,"9":0,"10":0,"11":0},"f":{"0":0,"1":0,"2":0,"3":0,"4":0,"5":0},"b":{"0":[0,0,0],"1":[0]}}
,"/Users/colinrabyniuk/Projects/notion-graph-view/server/src/iam/domain/models/user.entity.ts": {"path":"/Users/colinrabyniuk/Projects/notion-graph-view/server/src/iam/domain/models/user.entity.ts","statementMap":{"0":{"start":{"line":5,"column":0},"end":{"line":5,"column":70}},"1":{"start":{"line":6,"column":0},"end":{"line":6,"column":76}},"2":{"start":{"line":12,"column":20},"end":{"line":12,"column":30}},"3":{"start":{"line":13,"column":20},"end":{"line":13,"column":33}},"4":{"start":{"line":14,"column":20},"end":{"line":14,"column":32}},"5":{"start":{"line":15,"column":12},"end":{"line":15,"column":50}},"6":{"start":{"line":16,"column":12},"end":{"line":16,"column":34}},"7":{"start":{"line":17,"column":20},"end":{"line":17,"column":38}},"8":{"start":{"line":18,"column":20},"end":{"line":18,"column":38}},"9":{"start":{"line":9,"column":10},"end":{"line":9,"column":45}},"10":{"start":{"line":23,"column":4},"end":{"line":23,"column":30}},"11":{"start":{"line":27,"column":4},"end":{"line":27,"column":28}},"12":{"start":{"line":31,"column":4},"end":{"line":31,"column":35}},"13":{"start":{"line":36,"column":4},"end":{"line":36,"column":35}},"14":{"start":{"line":40,"column":4},"end":{"line":40,"column":42}},"15":{"start":{"line":45,"column":4},"end":{"line":45,"column":27}},"16":{"start":{"line":49,"column":4},"end":{"line":49,"column":28}},"17":{"start":{"line":50,"column":4},"end":{"line":50,"column":67}},"18":{"start":{"line":59,"column":17},"end":{"line":59,"column":42}},"19":{"start":{"line":60,"column":4},"end":{"line":60,"column":72}},"20":{"start":{"line":61,"column":4},"end":{"line":61,"column":16}},"21":{"start":{"line":66,"column":4},"end":{"line":66,"column":73}},"22":{"start":{"line":70,"column":4},"end":{"line":70,"column":89}},"23":{"start":{"line":8,"column":0},"end":{"line":8,"column":13}}},"fnMap":{"0":{"name":"(anonymous_0)","decl":{"start":{"line":11,"column":2},"end":{"line":11,"column":null}},"loc":{"start":{"line":18,"column":48},"end":{"line":19,"column":6}}},"1":{"name":"(anonymous_1)","decl":{"start":{"line":22,"column":2},"end":{"line":22,"column":6}},"loc":{"start":{"line":22,"column":18},"end":{"line":24,"column":3}}},"2":{"name":"(anonymous_2)","decl":{"start":{"line":26,"column":2},"end":{"line":26,"column":13}},"loc":{"start":{"line":26,"column":13},"end":{"line":28,"column":3}}},"3":{"name":"(anonymous_3)","decl":{"start":{"line":30,"column":2},"end":{"line":30,"column":10}},"loc":{"start":{"line":30,"column":30},"end":{"line":32,"column":3}}},"4":{"name":"(anonymous_4)","decl":{"start":{"line":35,"column":2},"end":{"line":35,"column":6}},"loc":{"start":{"line":35,"column":23},"end":{"line":37,"column":3}}},"5":{"name":"(anonymous_5)","decl":{"start":{"line":39,"column":2},"end":{"line":39,"column":22}},"loc":{"start":{"line":39,"column":53},"end":{"line":41,"column":3}}},"6":{"name":"(anonymous_6)","decl":{"start":{"line":44,"column":2},"end":{"line":44,"column":6}},"loc":{"start":{"line":44,"column":15},"end":{"line":46,"column":3}}},"7":{"name":"(anonymous_7)","decl":{"start":{"line":48,"column":2},"end":{"line":48,"column":14}},"loc":{"start":{"line":48,"column":31},"end":{"line":51,"column":3}}},"8":{"name":"(anonymous_8)","decl":{"start":{"line":54,"column":2},"end":{"line":54,"column":8}},"loc":{"start":{"line":57,"column":16},"end":{"line":62,"column":3}}},"9":{"name":"(anonymous_9)","decl":{"start":{"line":65,"column":2},"end":{"line":65,"column":17}},"loc":{"start":{"line":65,"column":17},"end":{"line":67,"column":3}}},"10":{"name":"(anonymous_10)","decl":{"start":{"line":69,"column":2},"end":{"line":69,"column":17}},"loc":{"start":{"line":69,"column":17},"end":{"line":71,"column":3}}}},"branchMap":{"0":{"loc":{"start":{"line":17,"column":20},"end":{"line":17,"column":48}},"type":"default-arg","locations":[{"start":{"line":17,"column":38},"end":{"line":17,"column":48}}]},"1":{"loc":{"start":{"line":18,"column":20},"end":{"line":18,"column":48}},"type":"default-arg","locations":[{"start":{"line":18,"column":38},"end":{"line":18,"column":48}}]},"2":{"loc":{"start":{"line":66,"column":11},"end":{"line":66,"column":72}},"type":"binary-expr","locations":[{"start":{"line":66,"column":11},"end":{"line":66,"column":40}},{"start":{"line":66,"column":44},"end":{"line":66,"column":72}}]},"3":{"loc":{"start":{"line":70,"column":11},"end":{"line":70,"column":88}},"type":"binary-expr","locations":[{"start":{"line":70,"column":11},"end":{"line":70,"column":48}},{"start":{"line":70,"column":52},"end":{"line":70,"column":88}}]}},"s":{"0":0,"1":0,"2":0,"3":0,"4":0,"5":0,"6":0,"7":0,"8":0,"9":0,"10":0,"11":0,"12":0,"13":0,"14":0,"15":0,"16":0,"17":0,"18":0,"19":0,"20":0,"21":0,"22":0,"23":0},"f":{"0":0,"1":0,"2":0,"3":0,"4":0,"5":0,"6":0,"7":0,"8":0,"9":0,"10":0},"b":{"0":[0],"1":[0],"2":[0,0],"3":[0,0]}}
,"/Users/colinrabyniuk/Projects/notion-graph-view/server/src/iam/infrastructure/persistence/mongodb/mongo-user.repository.ts": {"path":"/Users/colinrabyniuk/Projects/notion-graph-view/server/src/iam/infrastructure/persistence/mongodb/mongo-user.repository.ts","statementMap":{"0":{"start":{"line":1,"column":0},"end":{"line":1,"column":44}},"1":{"start":{"line":2,"column":0},"end":{"line":2,"column":47}},"2":{"start":{"line":3,"column":0},"end":{"line":3,"column":33}},"3":{"start":{"line":5,"column":0},"end":{"line":5,"column":58}},"4":{"start":{"line":6,"column":0},"end":{"line":6,"column":64}},"5":{"start":{"line":7,"column":0},"end":{"line":7,"column":75}},"6":{"start":{"line":8,"column":0},"end":{"line":8,"column":91}},"7":{"start":{"line":11,"column":7},"end":{"line":90,"column":null}},"8":{"start":{"line":14,"column":21},"end":{"line":14,"column":32}},"9":{"start":{"line":18,"column":20},"end":{"line":18,"column":63}},"10":{"start":{"line":19,"column":4},"end":{"line":19,"column":54}},"11":{"start":{"line":23,"column":20},"end":{"line":23,"column":66}},"12":{"start":{"line":24,"column":4},"end":{"line":24,"column":54}},"13":{"start":{"line":28,"column":20},"end":{"line":30,"column":13}},"14":{"start":{"line":31,"column":4},"end":{"line":31,"column":54}},"15":{"start":{"line":35,"column":21},"end":{"line":35,"column":55}},"16":{"start":{"line":36,"column":4},"end":{"line":36,"column":54}},"17":{"start":{"line":36,"column":31},"end":{"line":36,"column":52}},"18":{"start":{"line":40,"column":20},"end":{"line":40,"column":74}},"19":{"start":{"line":42,"column":21},"end":{"line":54,"column":6}},"20":{"start":{"line":56,"column":4},"end":{"line":62,"column":5}},"21":{"start":{"line":58,"column":6},"end":{"line":58,"column":73}},"22":{"start":{"line":61,"column":6},"end":{"line":61,"column":44}},"23":{"start":{"line":66,"column":4},"end":{"line":66,"column":50}},"24":{"start":{"line":71,"column":17},"end":{"line":85,"column":null}},"25":{"start":{"line":88,"column":4},"end":{"line":88,"column":16}},"26":{"start":{"line":11,"column":13},"end":{"line":11,"column":32}},"27":{"start":{"line":11,"column":13},"end":{"line":90,"column":null}}},"fnMap":{"0":{"name":"(anonymous_4)","decl":{"start":{"line":12,"column":2},"end":{"line":12,"column":null}},"loc":{"start":{"line":14,"column":51},"end":{"line":15,"column":6}}},"1":{"name":"(anonymous_5)","decl":{"start":{"line":17,"column":2},"end":{"line":17,"column":7}},"loc":{"start":{"line":17,"column":27},"end":{"line":20,"column":3}}},"2":{"name":"(anonymous_6)","decl":{"start":{"line":22,"column":2},"end":{"line":22,"column":7}},"loc":{"start":{"line":22,"column":33},"end":{"line":25,"column":3}}},"3":{"name":"(anonymous_7)","decl":{"start":{"line":27,"column":2},"end":{"line":27,"column":7}},"loc":{"start":{"line":27,"column":51},"end":{"line":32,"column":3}}},"4":{"name":"(anonymous_8)","decl":{"start":{"line":34,"column":2},"end":{"line":34,"column":7}},"loc":{"start":{"line":34,"column":15},"end":{"line":37,"column":3}}},"5":{"name":"(anonymous_9)","decl":{"start":{"line":36,"column":24},"end":{"line":36,"column":27}},"loc":{"start":{"line":36,"column":31},"end":{"line":36,"column":52}}},"6":{"name":"(anonymous_10)","decl":{"start":{"line":39,"column":2},"end":{"line":39,"column":7}},"loc":{"start":{"line":39,"column":25},"end":{"line":63,"column":3}}},"7":{"name":"(anonymous_11)","decl":{"start":{"line":65,"column":2},"end":{"line":65,"column":7}},"loc":{"start":{"line":65,"column":25},"end":{"line":67,"column":3}}},"8":{"name":"(anonymous_12)","decl":{"start":{"line":69,"column":10},"end":{"line":69,"column":21}},"loc":{"start":{"line":69,"column":43},"end":{"line":89,"column":3}}}},"branchMap":{"0":{"loc":{"start":{"line":19,"column":11},"end":{"line":19,"column":53}},"type":"cond-expr","locations":[{"start":{"line":19,"column":21},"end":{"line":19,"column":46}},{"start":{"line":19,"column":49},"end":{"line":19,"column":53}}]},"1":{"loc":{"start":{"line":24,"column":11},"end":{"line":24,"column":53}},"type":"cond-expr","locations":[{"start":{"line":24,"column":21},"end":{"line":24,"column":46}},{"start":{"line":24,"column":49},"end":{"line":24,"column":53}}]},"2":{"loc":{"start":{"line":31,"column":11},"end":{"line":31,"column":53}},"type":"cond-expr","locations":[{"start":{"line":31,"column":21},"end":{"line":31,"column":46}},{"start":{"line":31,"column":49},"end":{"line":31,"column":53}}]},"3":{"loc":{"start":{"line":46,"column":25},"end":{"line":49,"column":19}},"type":"cond-expr","locations":[{"start":{"line":46,"column":52},"end":{"line":49,"column":8}},{"start":{"line":49,"column":10},"end":{"line":49,"column":19}}]},"4":{"loc":{"start":{"line":50,"column":17},"end":{"line":53,"column":19}},"type":"cond-expr","locations":[{"start":{"line":50,"column":36},"end":{"line":53,"column":8}},{"start":{"line":53,"column":10},"end":{"line":53,"column":19}}]},"5":{"loc":{"start":{"line":56,"column":4},"end":{"line":62,"column":5}},"type":"if","locations":[{"start":{"line":56,"column":4},"end":{"line":62,"column":5}},{"start":{"line":59,"column":11},"end":{"line":62,"column":5}}]},"6":{"loc":{"start":{"line":75,"column":6},"end":{"line":80,"column":19}},"type":"cond-expr","locations":[{"start":{"line":76,"column":10},"end":{"line":78,"column":null}},{"start":{"line":80,"column":10},"end":{"line":80,"column":19}}]},"7":{"loc":{"start":{"line":81,"column":6},"end":{"line":83,"column":19}},"type":"cond-expr","locations":[{"start":{"line":82,"column":10},"end":{"line":82,"column":51}},{"start":{"line":83,"column":10},"end":{"line":83,"column":19}}]},"8":{"loc":{"start":{"line":84,"column":15},"end":{"line":84,"column":46}},"type":"binary-expr","locations":[{"start":{"line":84,"column":15},"end":{"line":84,"column":32}},{"start":{"line":84,"column":36},"end":{"line":84,"column":46}}]},"9":{"loc":{"start":{"line":85,"column":15},"end":{"line":85,"column":46}},"type":"binary-expr","locations":[{"start":{"line":85,"column":15},"end":{"line":85,"column":32}},{"start":{"line":85,"column":36},"end":{"line":85,"column":46}}]}},"s":{"0":0,"1":0,"2":0,"3":0,"4":0,"5":0,"6":0,"7":0,"8":0,"9":0,"10":0,"11":0,"12":0,"13":0,"14":0,"15":0,"16":0,"17":0,"18":0,"19":0,"20":0,"21":0,"22":0,"23":0,"24":0,"25":0,"26":0,"27":0},"f":{"0":0,"1":0,"2":0,"3":0,"4":0,"5":0,"6":0,"7":0,"8":0},"b":{"0":[0,0],"1":[0,0],"2":[0,0],"3":[0,0],"4":[0,0],"5":[0,0],"6":[0,0],"7":[0,0],"8":[0,0],"9":[0,0]}}
,"/Users/colinrabyniuk/Projects/notion-graph-view/server/src/iam/infrastructure/persistence/mongodb/mongo.module.ts": {"path":"/Users/colinrabyniuk/Projects/notion-graph-view/server/src/iam/infrastructure/persistence/mongodb/mongo.module.ts","statementMap":{"0":{"start":{"line":1,"column":0},"end":{"line":1,"column":40}},"1":{"start":{"line":2,"column":0},"end":{"line":2,"column":50}},"2":{"start":{"line":3,"column":0},"end":{"line":3,"column":62}},"3":{"start":{"line":4,"column":0},"end":{"line":4,"column":62}},"4":{"start":{"line":21,"column":7},"end":{"line":21,"column":null}},"5":{"start":{"line":21,"column":13},"end":{"line":21,"column":27}},"6":{"start":{"line":21,"column":13},"end":{"line":21,"column":null}}},"fnMap":{},"branchMap":{},"s":{"0":0,"1":0,"2":0,"3":0,"4":0,"5":0,"6":0},"f":{},"b":{}}
,"/Users/colinrabyniuk/Projects/notion-graph-view/server/src/iam/infrastructure/persistence/mongodb/schemas/user.schema.ts": {"path":"/Users/colinrabyniuk/Projects/notion-graph-view/server/src/iam/infrastructure/persistence/mongodb/schemas/user.schema.ts","statementMap":{"0":{"start":{"line":1,"column":0},"end":{"line":1,"column":63}},"1":{"start":{"line":2,"column":0},"end":{"line":2,"column":54}},"2":{"start":{"line":14,"column":7},"end":{"line":39,"column":null}},"3":{"start":{"line":14,"column":13},"end":{"line":14,"column":22}},"4":{"start":{"line":16,"column":2},"end":{"line":16,"column":null}},"5":{"start":{"line":19,"column":2},"end":{"line":19,"column":null}},"6":{"start":{"line":22,"column":2},"end":{"line":22,"column":null}},"7":{"start":{"line":25,"column":2},"end":{"line":28,"column":null}},"8":{"start":{"line":31,"column":2},"end":{"line":34,"column":null}},"9":{"start":{"line":14,"column":13},"end":{"line":39,"column":null}},"10":{"start":{"line":41,"column":13},"end":{"line":41,"column":66}}},"fnMap":{},"branchMap":{},"s":{"0":0,"1":0,"2":0,"3":0,"4":0,"5":0,"6":0,"7":0,"8":0,"9":0,"10":0},"f":{},"b":{}}
,"/Users/colinrabyniuk/Projects/notion-graph-view/server/src/iam/interfaces/http/controllers/auth.controller.ts": {"path":"/Users/colinrabyniuk/Projects/notion-graph-view/server/src/iam/interfaces/http/controllers/auth.controller.ts","statementMap":{"0":{"start":{"line":1,"column":0},"end":{"line":1,"column":94}},"1":{"start":{"line":2,"column":0},"end":{"line":2,"column":84}},"2":{"start":{"line":3,"column":0},"end":{"line":3,"column":73}},"3":{"start":{"line":4,"column":0},"end":{"line":4,"column":null}},"4":{"start":{"line":9,"column":0},"end":{"line":9,"column":78}},"5":{"start":{"line":10,"column":0},"end":{"line":10,"column":49}},"6":{"start":{"line":14,"column":7},"end":{"line":68,"column":null}},"7":{"start":{"line":15,"column":31},"end":{"line":15,"column":44}},"8":{"start":{"line":29,"column":4},"end":{"line":29,"column":42}},"9":{"start":{"line":45,"column":4},"end":{"line":45,"column":39}},"10":{"start":{"line":65,"column":19},"end":{"line":65,"column":35}},"11":{"start":{"line":66,"column":4},"end":{"line":66,"column":55}},"12":{"start":{"line":14,"column":13},"end":{"line":14,"column":27}},"13":{"start":{"line":28,"column":8},"end":{"line":30,"column":null}},"14":{"start":{"line":44,"column":8},"end":{"line":46,"column":null}},"15":{"start":{"line":61,"column":8},"end":{"line":67,"column":null}},"16":{"start":{"line":14,"column":13},"end":{"line":68,"column":null}}},"fnMap":{"0":{"name":"(anonymous_4)","decl":{"start":{"line":15,"column":2},"end":{"line":15,"column":31}},"loc":{"start":{"line":15,"column":55},"end":{"line":15,"column":59}}},"1":{"name":"(anonymous_5)","decl":{"start":{"line":28,"column":2},"end":{"line":28,"column":7}},"loc":{"start":{"line":28,"column":45},"end":{"line":30,"column":3}}},"2":{"name":"(anonymous_6)","decl":{"start":{"line":44,"column":2},"end":{"line":44,"column":7}},"loc":{"start":{"line":44,"column":39},"end":{"line":46,"column":3}}},"3":{"name":"(anonymous_7)","decl":{"start":{"line":61,"column":2},"end":{"line":61,"column":7}},"loc":{"start":{"line":63,"column":30},"end":{"line":67,"column":3}}}},"branchMap":{},"s":{"0":0,"1":0,"2":0,"3":0,"4":0,"5":0,"6":0,"7":0,"8":0,"9":0,"10":0,"11":0,"12":0,"13":0,"14":0,"15":0,"16":0},"f":{"0":0,"1":0,"2":0,"3":0},"b":{}}
,"/Users/colinrabyniuk/Projects/notion-graph-view/server/src/iam/interfaces/http/controllers/user.controller.ts": {"path":"/Users/colinrabyniuk/Projects/notion-graph-view/server/src/iam/interfaces/http/controllers/user.controller.ts","statementMap":{"0":{"start":{"line":1,"column":0},"end":{"line":1,"column":84}},"1":{"start":{"line":2,"column":0},"end":{"line":2,"column":94}},"2":{"start":{"line":3,"column":0},"end":{"line":3,"column":73}},"3":{"start":{"line":4,"column":0},"end":{"line":4,"column":74}},"4":{"start":{"line":5,"column":0},"end":{"line":5,"column":49}},"5":{"start":{"line":9,"column":7},"end":{"line":96,"column":null}},"6":{"start":{"line":10,"column":31},"end":{"line":10,"column":44}},"7":{"start":{"line":22,"column":4},"end":{"line":22,"column":38}},"8":{"start":{"line":39,"column":19},"end":{"line":39,"column":35}},"9":{"start":{"line":40,"column":4},"end":{"line":40,"column":45}},"10":{"start":{"line":58,"column":4},"end":{"line":58,"column":41}},"11":{"start":{"line":76,"column":4},"end":{"line":76,"column":47}},"12":{"start":{"line":94,"column":4},"end":{"line":94,"column":63}},"13":{"start":{"line":9,"column":13},"end":{"line":9,"column":27}},"14":{"start":{"line":21,"column":8},"end":{"line":23,"column":null}},"15":{"start":{"line":38,"column":8},"end":{"line":41,"column":null}},"16":{"start":{"line":57,"column":8},"end":{"line":59,"column":null}},"17":{"start":{"line":75,"column":8},"end":{"line":77,"column":null}},"18":{"start":{"line":93,"column":8},"end":{"line":95,"column":null}},"19":{"start":{"line":9,"column":13},"end":{"line":96,"column":null}}},"fnMap":{"0":{"name":"(anonymous_4)","decl":{"start":{"line":10,"column":2},"end":{"line":10,"column":31}},"loc":{"start":{"line":10,"column":55},"end":{"line":10,"column":59}}},"1":{"name":"(anonymous_5)","decl":{"start":{"line":21,"column":2},"end":{"line":21,"column":7}},"loc":{"start":{"line":21,"column":15},"end":{"line":23,"column":3}}},"2":{"name":"(anonymous_6)","decl":{"start":{"line":38,"column":2},"end":{"line":38,"column":7}},"loc":{"start":{"line":38,"column":42},"end":{"line":41,"column":3}}},"3":{"name":"(anonymous_7)","decl":{"start":{"line":57,"column":2},"end":{"line":57,"column":7}},"loc":{"start":{"line":57,"column":40},"end":{"line":59,"column":3}}},"4":{"name":"(anonymous_8)","decl":{"start":{"line":75,"column":2},"end":{"line":75,"column":7}},"loc":{"start":{"line":75,"column":49},"end":{"line":77,"column":3}}},"5":{"name":"(anonymous_9)","decl":{"start":{"line":93,"column":2},"end":{"line":93,"column":7}},"loc":{"start":{"line":93,"column":71},"end":{"line":95,"column":3}}}},"branchMap":{},"s":{"0":0,"1":0,"2":0,"3":0,"4":0,"5":0,"6":0,"7":0,"8":0,"9":0,"10":0,"11":0,"12":0,"13":0,"14":0,"15":0,"16":0,"17":0,"18":0,"19":0},"f":{"0":0,"1":0,"2":0,"3":0,"4":0,"5":0},"b":{}}
,"/Users/colinrabyniuk/Projects/notion-graph-view/server/src/iam/interfaces/http/guards/auth.guard.ts": {"path":"/Users/colinrabyniuk/Projects/notion-graph-view/server/src/iam/interfaces/http/guards/auth.guard.ts","statementMap":{"0":{"start":{"line":1,"column":0},"end":{"line":1,"column":98}},"1":{"start":{"line":2,"column":0},"end":{"line":2,"column":41}},"2":{"start":{"line":3,"column":0},"end":{"line":3,"column":47}},"3":{"start":{"line":12,"column":7},"end":{"line":48,"column":null}},"4":{"start":{"line":14,"column":21},"end":{"line":14,"column":33}},"5":{"start":{"line":15,"column":21},"end":{"line":15,"column":36}},"6":{"start":{"line":19,"column":20},"end":{"line":19,"column":72}},"7":{"start":{"line":20,"column":18},"end":{"line":20,"column":54}},"8":{"start":{"line":22,"column":4},"end":{"line":24,"column":5}},"9":{"start":{"line":23,"column":6},"end":{"line":23,"column":59}},"10":{"start":{"line":26,"column":4},"end":{"line":36,"column":5}},"11":{"start":{"line":27,"column":21},"end":{"line":27,"column":71}},"12":{"start":{"line":28,"column":22},"end":{"line":28,"column":59}},"13":{"start":{"line":31,"column":6},"end":{"line":31,"column":29}},"14":{"start":{"line":33,"column":6},"end":{"line":33,"column":18}},"15":{"start":{"line":35,"column":6},"end":{"line":35,"column":55}},"16":{"start":{"line":41,"column":4},"end":{"line":41,"column":64}},"17":{"start":{"line":45,"column":26},"end":{"line":45,"column":73}},"18":{"start":{"line":46,"column":4},"end":{"line":46,"column":49}},"19":{"start":{"line":12,"column":13},"end":{"line":12,"column":22}},"20":{"start":{"line":12,"column":13},"end":{"line":48,"column":null}}},"fnMap":{"0":{"name":"(anonymous_2)","decl":{"start":{"line":13,"column":2},"end":{"line":13,"column":null}},"loc":{"start":{"line":15,"column":49},"end":{"line":16,"column":6}}},"1":{"name":"(anonymous_3)","decl":{"start":{"line":18,"column":2},"end":{"line":18,"column":7}},"loc":{"start":{"line":18,"column":45},"end":{"line":37,"column":3}}},"2":{"name":"(anonymous_4)","decl":{"start":{"line":40,"column":2},"end":{"line":40,"column":7}},"loc":{"start":{"line":40,"column":49},"end":{"line":42,"column":3}}},"3":{"name":"(anonymous_5)","decl":{"start":{"line":44,"column":10},"end":{"line":44,"column":32}},"loc":{"start":{"line":44,"column":49},"end":{"line":47,"column":3}}}},"branchMap":{"0":{"loc":{"start":{"line":22,"column":4},"end":{"line":24,"column":5}},"type":"if","locations":[{"start":{"line":22,"column":4},"end":{"line":24,"column":5}}]},"1":{"loc":{"start":{"line":27,"column":21},"end":{"line":27,"column":71}},"type":"binary-expr","locations":[{"start":{"line":27,"column":21},"end":{"line":27,"column":65}},{"start":{"line":27,"column":69},"end":{"line":27,"column":71}}]},"2":{"loc":{"start":{"line":45,"column":26},"end":{"line":45,"column":73}},"type":"binary-expr","locations":[{"start":{"line":45,"column":26},"end":{"line":45,"column":67}},{"start":{"line":45,"column":71},"end":{"line":45,"column":73}}]},"3":{"loc":{"start":{"line":46,"column":11},"end":{"line":46,"column":48}},"type":"cond-expr","locations":[{"start":{"line":46,"column":31},"end":{"line":46,"column":36}},{"start":{"line":46,"column":39},"end":{"line":46,"column":48}}]}},"s":{"0":0,"1":0,"2":0,"3":0,"4":0,"5":0,"6":0,"7":0,"8":0,"9":0,"10":0,"11":0,"12":0,"13":0,"14":0,"15":0,"16":0,"17":0,"18":0,"19":0,"20":0},"f":{"0":0,"1":0,"2":0,"3":0},"b":{"0":[0],"1":[0,0],"2":[0,0],"3":[0,0]}}
,"/Users/colinrabyniuk/Projects/notion-graph-view/server/src/iam/interfaces/http/guards/subscription.guard.ts": {"path":"/Users/colinrabyniuk/Projects/notion-graph-view/server/src/iam/interfaces/http/guards/subscription.guard.ts","statementMap":{"0":{"start":{"line":1,"column":0},"end":{"line":1,"column":95}},"1":{"start":{"line":12,"column":7},"end":{"line":23,"column":null}},"2":{"start":{"line":14,"column":20},"end":{"line":14,"column":72}},"3":{"start":{"line":17,"column":4},"end":{"line":19,"column":5}},"4":{"start":{"line":18,"column":6},"end":{"line":18,"column":61}},"5":{"start":{"line":21,"column":4},"end":{"line":21,"column":16}},"6":{"start":{"line":12,"column":13},"end":{"line":12,"column":30}},"7":{"start":{"line":12,"column":13},"end":{"line":23,"column":null}}},"fnMap":{"0":{"name":"(anonymous_1)","decl":{"start":{"line":13,"column":2},"end":{"line":13,"column":13}},"loc":{"start":{"line":13,"column":39},"end":{"line":22,"column":3}}}},"branchMap":{"0":{"loc":{"start":{"line":17,"column":4},"end":{"line":19,"column":5}},"type":"if","locations":[{"start":{"line":17,"column":4},"end":{"line":19,"column":5}}]},"1":{"loc":{"start":{"line":17,"column":8},"end":{"line":17,"column":54}},"type":"binary-expr","locations":[{"start":{"line":17,"column":8},"end":{"line":17,"column":21}},{"start":{"line":17,"column":25},"end":{"line":17,"column":54}}]}},"s":{"0":0,"1":0,"2":0,"3":0,"4":0,"5":0,"6":0,"7":0},"f":{"0":0},"b":{"0":[0],"1":[0,0]}}
,"/Users/colinrabyniuk/Projects/notion-graph-view/server/src/notion/application/notion-application.module.ts": {"path":"/Users/colinrabyniuk/Projects/notion-graph-view/server/src/notion/application/notion-application.module.ts","statementMap":{"0":{"start":{"line":1,"column":0},"end":{"line":1,"column":40}},"1":{"start":{"line":2,"column":0},"end":{"line":2,"column":92}},"2":{"start":{"line":3,"column":0},"end":{"line":3,"column":62}},"3":{"start":{"line":4,"column":0},"end":{"line":4,"column":54}},"4":{"start":{"line":5,"column":0},"end":{"line":5,"column":81}},"5":{"start":{"line":22,"column":7},"end":{"line":22,"column":null}},"6":{"start":{"line":22,"column":13},"end":{"line":22,"column":36}},"7":{"start":{"line":22,"column":13},"end":{"line":22,"column":null}}},"fnMap":{},"branchMap":{},"s":{"0":0,"1":0,"2":0,"3":0,"4":0,"5":0,"6":0,"7":0},"f":{},"b":{}}
,"/Users/colinrabyniuk/Projects/notion-graph-view/server/src/notion/application/dtos/backlink.dto.ts": {"path":"/Users/colinrabyniuk/Projects/notion-graph-view/server/src/notion/application/dtos/backlink.dto.ts","statementMap":{"0":{"start":{"line":1,"column":0},"end":{"line":1,"column":13}},"1":{"start":{"line":10,"column":0},"end":{"line":10,"column":13}}},"fnMap":{},"branchMap":{},"s":{"0":0,"1":0},"f":{},"b":{}}
,"/Users/colinrabyniuk/Projects/notion-graph-view/server/src/notion/application/dtos/database.dto.ts": {"path":"/Users/colinrabyniuk/Projects/notion-graph-view/server/src/notion/application/dtos/database.dto.ts","statementMap":{"0":{"start":{"line":1,"column":0},"end":{"line":1,"column":13}},"1":{"start":{"line":14,"column":0},"end":{"line":14,"column":13}}},"fnMap":{},"branchMap":{},"s":{"0":0,"1":0},"f":{},"b":{}}
,"/Users/colinrabyniuk/Projects/notion-graph-view/server/src/notion/application/dtos/page.dto.ts": {"path":"/Users/colinrabyniuk/Projects/notion-graph-view/server/src/notion/application/dtos/page.dto.ts","statementMap":{"0":{"start":{"line":3,"column":0},"end":{"line":3,"column":13}},"1":{"start":{"line":10,"column":0},"end":{"line":10,"column":13}},"2":{"start":{"line":22,"column":0},"end":{"line":22,"column":13}}},"fnMap":{},"branchMap":{},"s":{"0":0,"1":0,"2":0},"f":{},"b":{}}
,"/Users/colinrabyniuk/Projects/notion-graph-view/server/src/notion/application/services/backlink-extractor.service.ts": {"path":"/Users/colinrabyniuk/Projects/notion-graph-view/server/src/notion/application/services/backlink-extractor.service.ts","statementMap":{"0":{"start":{"line":1,"column":0},"end":{"line":1,"column":60}},"1":{"start":{"line":3,"column":0},"end":{"line":3,"column":68}},"2":{"start":{"line":4,"column":0},"end":{"line":4,"column":69}},"3":{"start":{"line":5,"column":0},"end":{"line":5,"column":36}},"4":{"start":{"line":15,"column":37},"end":{"line":212,"column":null}},"5":{"start":{"line":20,"column":21},"end":{"line":20,"column":58}},"6":{"start":{"line":16,"column":19},"end":{"line":16,"column":70}},"7":{"start":{"line":28,"column":21},"end":{"line":28,"column":56}},"8":{"start":{"line":29,"column":4},"end":{"line":29,"column":73}},"9":{"start":{"line":32,"column":20},"end":{"line":32,"column":49}},"10":{"start":{"line":33,"column":4},"end":{"line":33,"column":57}},"11":{"start":{"line":33,"column":29},"end":{"line":33,"column":55}},"12":{"start":{"line":36,"column":32},"end":{"line":36,"column":70}},"13":{"start":{"line":38,"column":4},"end":{"line":62,"column":5}},"14":{"start":{"line":39,"column":27},"end":{"line":39,"column":40}},"15":{"start":{"line":40,"column":30},"end":{"line":40,"column":46}},"16":{"start":{"line":41,"column":29},"end":{"line":41,"column":97}},"17":{"start":{"line":44,"column":6},"end":{"line":61,"column":7}},"18":{"start":{"line":45,"column":25},"end":{"line":45,"column":42}},"19":{"start":{"line":48,"column":8},"end":{"line":48,"column":45}},"20":{"start":{"line":48,"column":36},"end":{"line":48,"column":45}},"21":{"start":{"line":51,"column":8},"end":{"line":53,"column":9}},"22":{"start":{"line":52,"column":10},"end":{"line":52,"column":48}},"23":{"start":{"line":55,"column":8},"end":{"line":60,"column":11}},"24":{"start":{"line":65,"column":4},"end":{"line":83,"column":5}},"25":{"start":{"line":66,"column":25},"end":{"line":66,"column":50}},"26":{"start":{"line":67,"column":6},"end":{"line":67,"column":32}},"27":{"start":{"line":67,"column":23},"end":{"line":67,"column":32}},"28":{"start":{"line":70,"column":31},"end":{"line":78,"column":null}},"29":{"start":{"line":71,"column":8},"end":{"line":78,"column":10}},"30":{"start":{"line":82,"column":6},"end":{"line":82,"column":67}},"31":{"start":{"line":85,"column":4},"end":{"line":85,"column":53}},"32":{"start":{"line":92,"column":17},"end":{"line":92,"column":59}},"33":{"start":{"line":93,"column":4},"end":{"line":95,"column":5}},"34":{"start":{"line":94,"column":6},"end":{"line":94,"column":58}},"35":{"start":{"line":97,"column":21},"end":{"line":97,"column":56}},"36":{"start":{"line":98,"column":20},"end":{"line":98,"column":49}},"37":{"start":{"line":99,"column":4},"end":{"line":99,"column":48}},"38":{"start":{"line":99,"column":26},"end":{"line":99,"column":46}},"39":{"start":{"line":101,"column":43},"end":{"line":101,"column":45}},"40":{"start":{"line":104,"column":4},"end":{"line":122,"column":5}},"41":{"start":{"line":105,"column":6},"end":{"line":105,"column":45}},"42":{"start":{"line":105,"column":36},"end":{"line":105,"column":45}},"43":{"start":{"line":107,"column":27},"end":{"line":107,"column":40}},"44":{"start":{"line":108,"column":30},"end":{"line":108,"column":46}},"45":{"start":{"line":109,"column":29},"end":{"line":109,"column":97}},"46":{"start":{"line":112,"column":32},"end":{"line":112,"column":91}},"47":{"start":{"line":112,"column":62},"end":{"line":112,"column":90}},"48":{"start":{"line":114,"column":6},"end":{"line":121,"column":7}},"49":{"start":{"line":115,"column":8},"end":{"line":120,"column":11}},"50":{"start":{"line":125,"column":29},"end":{"line":133,"column":null}},"51":{"start":{"line":126,"column":6},"end":{"line":133,"column":8}},"52":{"start":{"line":137,"column":4},"end":{"line":137,"column":59}},"53":{"start":{"line":139,"column":4},"end":{"line":139,"column":35}},"54":{"start":{"line":146,"column":4},"end":{"line":146,"column":28}},"55":{"start":{"line":146,"column":18},"end":{"line":146,"column":28}},"56":{"start":{"line":148,"column":43},"end":{"line":148,"column":45}},"57":{"start":{"line":151,"column":30},"end":{"line":151,"column":68}},"58":{"start":{"line":154,"column":4},"end":{"line":176,"column":5}},"59":{"start":{"line":155,"column":40},"end":{"line":155,"column":44}},"60":{"start":{"line":156,"column":35},"end":{"line":156,"column":39}},"61":{"start":{"line":158,"column":6},"end":{"line":166,"column":7}},"62":{"start":{"line":160,"column":8},"end":{"line":160,"column":39}},"63":{"start":{"line":161,"column":8},"end":{"line":161,"column":77}},"64":{"start":{"line":162,"column":13},"end":{"line":166,"column":7}},"65":{"start":{"line":164,"column":8},"end":{"line":164,"column":39}},"66":{"start":{"line":165,"column":8},"end":{"line":165,"column":27}},"67":{"start":{"line":168,"column":6},"end":{"line":175,"column":7}},"68":{"start":{"line":169,"column":8},"end":{"line":174,"column":11}},"69":{"start":{"line":178,"column":4},"end":{"line":178,"column":21}},"70":{"start":{"line":186,"column":26},"end":{"line":186,"column":83}},"71":{"start":{"line":187,"column":25},"end":{"line":187,"column":121}},"72":{"start":{"line":189,"column":4},"end":{"line":189,"column":58}},"73":{"start":{"line":197,"column":24},"end":{"line":207,"column":6}},"74":{"start":{"line":210,"column":4},"end":{"line":210,"column":48}},"75":{"start":{"line":15,"column":13},"end":{"line":15,"column":37}},"76":{"start":{"line":15,"column":13},"end":{"line":212,"column":null}}},"fnMap":{"0":{"name":"(anonymous_4)","decl":{"start":{"line":18,"column":2},"end":{"line":18,"column":null}},"loc":{"start":{"line":20,"column":58},"end":{"line":21,"column":6}}},"1":{"name":"(anonymous_5)","decl":{"start":{"line":27,"column":2},"end":{"line":27,"column":7}},"loc":{"start":{"line":27,"column":35},"end":{"line":86,"column":3}}},"2":{"name":"(anonymous_6)","decl":{"start":{"line":33,"column":21},"end":{"line":33,"column":25}},"loc":{"start":{"line":33,"column":29},"end":{"line":33,"column":55}}},"3":{"name":"(anonymous_7)","decl":{"start":{"line":70,"column":45},"end":{"line":70,"column":47}},"loc":{"start":{"line":71,"column":8},"end":{"line":78,"column":10}}},"4":{"name":"(anonymous_8)","decl":{"start":{"line":91,"column":2},"end":{"line":91,"column":7}},"loc":{"start":{"line":91,"column":46},"end":{"line":140,"column":3}}},"5":{"name":"(anonymous_9)","decl":{"start":{"line":99,"column":21},"end":{"line":99,"column":22}},"loc":{"start":{"line":99,"column":26},"end":{"line":99,"column":46}}},"6":{"name":"(anonymous_10)","decl":{"start":{"line":112,"column":54},"end":{"line":112,"column":58}},"loc":{"start":{"line":112,"column":62},"end":{"line":112,"column":90}}},"7":{"name":"(anonymous_11)","decl":{"start":{"line":125,"column":43},"end":{"line":125,"column":45}},"loc":{"start":{"line":126,"column":6},"end":{"line":133,"column":8}}},"8":{"name":"(anonymous_12)","decl":{"start":{"line":145,"column":10},"end":{"line":145,"column":33}},"loc":{"start":{"line":145,"column":71},"end":{"line":179,"column":3}}},"9":{"name":"(anonymous_13)","decl":{"start":{"line":184,"column":10},"end":{"line":184,"column":24}},"loc":{"start":{"line":184,"column":79},"end":{"line":190,"column":3}}},"10":{"name":"(anonymous_14)","decl":{"start":{"line":195,"column":10},"end":{"line":195,"column":15}},"loc":{"start":{"line":195,"column":78},"end":{"line":211,"column":3}}}},"branchMap":{"0":{"loc":{"start":{"line":41,"column":58},"end":{"line":41,"column":82}},"type":"binary-expr","locations":[{"start":{"line":41,"column":58},"end":{"line":41,"column":76}},{"start":{"line":41,"column":80},"end":{"line":41,"column":82}}]},"1":{"loc":{"start":{"line":48,"column":8},"end":{"line":48,"column":45}},"type":"if","locations":[{"start":{"line":48,"column":8},"end":{"line":48,"column":45}}]},"2":{"loc":{"start":{"line":51,"column":8},"end":{"line":53,"column":9}},"type":"if","locations":[{"start":{"line":51,"column":8},"end":{"line":53,"column":9}}]},"3":{"loc":{"start":{"line":67,"column":6},"end":{"line":67,"column":32}},"type":"if","locations":[{"start":{"line":67,"column":6},"end":{"line":67,"column":32}}]},"4":{"loc":{"start":{"line":93,"column":4},"end":{"line":95,"column":5}},"type":"if","locations":[{"start":{"line":93,"column":4},"end":{"line":95,"column":5}}]},"5":{"loc":{"start":{"line":105,"column":6},"end":{"line":105,"column":45}},"type":"if","locations":[{"start":{"line":105,"column":6},"end":{"line":105,"column":45}}]},"6":{"loc":{"start":{"line":109,"column":58},"end":{"line":109,"column":82}},"type":"binary-expr","locations":[{"start":{"line":109,"column":58},"end":{"line":109,"column":76}},{"start":{"line":109,"column":80},"end":{"line":109,"column":82}}]},"7":{"loc":{"start":{"line":146,"column":4},"end":{"line":146,"column":28}},"type":"if","locations":[{"start":{"line":146,"column":4},"end":{"line":146,"column":28}}]},"8":{"loc":{"start":{"line":158,"column":6},"end":{"line":166,"column":7}},"type":"if","locations":[{"start":{"line":158,"column":6},"end":{"line":166,"column":7}},{"start":{"line":162,"column":13},"end":{"line":166,"column":7}}]},"9":{"loc":{"start":{"line":162,"column":13},"end":{"line":166,"column":7}},"type":"if","locations":[{"start":{"line":162,"column":13},"end":{"line":166,"column":7}}]},"10":{"loc":{"start":{"line":162,"column":17},"end":{"line":162,"column":37}},"type":"binary-expr","locations":[{"start":{"line":162,"column":17},"end":{"line":162,"column":25}},{"start":{"line":162,"column":29},"end":{"line":162,"column":37}}]},"11":{"loc":{"start":{"line":168,"column":6},"end":{"line":175,"column":7}},"type":"if","locations":[{"start":{"line":168,"column":6},"end":{"line":175,"column":7}}]},"12":{"loc":{"start":{"line":168,"column":10},"end":{"line":168,"column":55}},"type":"binary-expr","locations":[{"start":{"line":168,"column":10},"end":{"line":168,"column":22}},{"start":{"line":168,"column":26},"end":{"line":168,"column":55}}]},"13":{"loc":{"start":{"line":173,"column":19},"end":{"line":173,"column":39}},"type":"binary-expr","locations":[{"start":{"line":173,"column":19},"end":{"line":173,"column":26}},{"start":{"line":173,"column":30},"end":{"line":173,"column":39}}]}},"s":{"0":2,"1":2,"2":2,"3":2,"4":2,"5":12,"6":12,"7":3,"8":3,"9":3,"10":3,"11":7,"12":3,"13":3,"14":7,"15":7,"16":7,"17":7,"18":5,"19":5,"20":0,"21":5,"22":5,"23":5,"24":3,"25":5,"26":5,"27":0,"28":5,"29":5,"30":5,"31":3,"32":3,"33":3,"34":1,"35":2,"36":2,"37":2,"38":6,"39":2,"40":2,"41":6,"42":2,"43":4,"44":4,"45":4,"46":4,"47":2,"48":4,"49":2,"50":2,"51":2,"52":2,"53":2,"54":16,"55":2,"56":14,"57":14,"58":14,"59":13,"60":13,"61":13,"62":11,"63":11,"64":2,"65":2,"66":2,"67":13,"68":12,"69":14,"70":1,"71":1,"72":1,"73":7,"74":7,"75":2,"76":2},"f":{"0":12,"1":3,"2":7,"3":5,"4":3,"5":6,"6":2,"7":2,"8":16,"9":1,"10":7},"b":{"0":[7,0],"1":[0],"2":[5],"3":[0],"4":[1],"5":[2],"6":[4,0],"7":[2],"8":[11,2],"9":[2],"10":[2,2],"11":[12],"12":[13,13],"13":[12,0]}}
,"/Users/colinrabyniuk/Projects/notion-graph-view/server/src/notion/application/services/database.service.ts": {"path":"/Users/colinrabyniuk/Projects/notion-graph-view/server/src/notion/application/services/database.service.ts","statementMap":{"0":{"start":{"line":1,"column":0},"end":{"line":1,"column":79}},"1":{"start":{"line":4,"column":0},"end":{"line":4,"column":79}},"2":{"start":{"line":5,"column":0},"end":{"line":5,"column":76}},"3":{"start":{"line":6,"column":0},"end":{"line":6,"column":68}},"4":{"start":{"line":13,"column":28},"end":{"line":221,"column":null}},"5":{"start":{"line":18,"column":21},"end":{"line":18,"column":66}},"6":{"start":{"line":20,"column":21},"end":{"line":20,"column":58}},"7":{"start":{"line":21,"column":21},"end":{"line":21,"column":39}},"8":{"start":{"line":14,"column":19},"end":{"line":14,"column":61}},"9":{"start":{"line":28,"column":22},"end":{"line":28,"column":61}},"10":{"start":{"line":29,"column":4},"end":{"line":29,"column":47}},"11":{"start":{"line":29,"column":31},"end":{"line":29,"column":45}},"12":{"start":{"line":36,"column":22},"end":{"line":36,"column":82}},"13":{"start":{"line":37,"column":4},"end":{"line":37,"column":47}},"14":{"start":{"line":37,"column":31},"end":{"line":37,"column":45}},"15":{"start":{"line":44,"column":21},"end":{"line":44,"column":63}},"16":{"start":{"line":45,"column":4},"end":{"line":47,"column":5}},"17":{"start":{"line":46,"column":6},"end":{"line":46,"column":70}},"18":{"start":{"line":48,"column":4},"end":{"line":48,"column":32}},"19":{"start":{"line":55,"column":28},"end":{"line":65,"column":6}},"20":{"start":{"line":67,"column":4},"end":{"line":67,"column":56}},"21":{"start":{"line":75,"column":21},"end":{"line":75,"column":63}},"22":{"start":{"line":76,"column":4},"end":{"line":78,"column":5}},"23":{"start":{"line":77,"column":6},"end":{"line":77,"column":70}},"24":{"start":{"line":81,"column":27},"end":{"line":81,"column":70}},"25":{"start":{"line":84,"column":20},"end":{"line":84,"column":25}},"26":{"start":{"line":85,"column":16},"end":{"line":85,"column":30}},"27":{"start":{"line":86,"column":22},"end":{"line":86,"column":42}},"28":{"start":{"line":87,"column":14},"end":{"line":87,"column":26}},"29":{"start":{"line":90,"column":4},"end":{"line":96,"column":5}},"30":{"start":{"line":91,"column":23},"end":{"line":91,"column":75}},"31":{"start":{"line":91,"column":53},"end":{"line":91,"column":65}},"32":{"start":{"line":92,"column":6},"end":{"line":95,"column":7}},"33":{"start":{"line":93,"column":8},"end":{"line":93,"column":25}},"34":{"start":{"line":94,"column":8},"end":{"line":94,"column":25}},"35":{"start":{"line":99,"column":4},"end":{"line":108,"column":5}},"36":{"start":{"line":100,"column":29},"end":{"line":102,"column":68}},"37":{"start":{"line":102,"column":46},"end":{"line":102,"column":58}},"38":{"start":{"line":104,"column":6},"end":{"line":107,"column":7}},"39":{"start":{"line":105,"column":8},"end":{"line":105,"column":37}},"40":{"start":{"line":106,"column":8},"end":{"line":106,"column":25}},"41":{"start":{"line":111,"column":4},"end":{"line":114,"column":5}},"42":{"start":{"line":112,"column":6},"end":{"line":112,"column":31}},"43":{"start":{"line":113,"column":6},"end":{"line":113,"column":23}},"44":{"start":{"line":117,"column":4},"end":{"line":131,"column":5}},"45":{"start":{"line":118,"column":30},"end":{"line":128,"column":8}},"46":{"start":{"line":130,"column":6},"end":{"line":130,"column":58}},"47":{"start":{"line":134,"column":24},"end":{"line":134,"column":69}},"48":{"start":{"line":135,"column":4},"end":{"line":135,"column":96}},"49":{"start":{"line":138,"column":19},"end":{"line":138,"column":20}},"50":{"start":{"line":139,"column":23},"end":{"line":139,"column":24}},"51":{"start":{"line":141,"column":4},"end":{"line":189,"column":5}},"52":{"start":{"line":142,"column":21},"end":{"line":142,"column":34}},"53":{"start":{"line":143,"column":27},"end":{"line":143,"column":69}},"54":{"start":{"line":146,"column":22},"end":{"line":146,"column":24}},"55":{"start":{"line":147,"column":6},"end":{"line":153,"column":7}},"56":{"start":{"line":149,"column":26},"end":{"line":149,"column":52}},"57":{"start":{"line":150,"column":8},"end":{"line":152,"column":9}},"58":{"start":{"line":151,"column":10},"end":{"line":151,"column":83}},"59":{"start":{"line":151,"column":54},"end":{"line":151,"column":72}},"60":{"start":{"line":155,"column":6},"end":{"line":188,"column":7}},"61":{"start":{"line":157,"column":8},"end":{"line":172,"column":9}},"62":{"start":{"line":158,"column":30},"end":{"line":168,"column":12}},"63":{"start":{"line":170,"column":10},"end":{"line":170,"column":54}},"64":{"start":{"line":171,"column":10},"end":{"line":171,"column":25}},"65":{"start":{"line":175,"column":24},"end":{"line":184,"column":10}},"66":{"start":{"line":186,"column":8},"end":{"line":186,"column":48}},"67":{"start":{"line":187,"column":8},"end":{"line":187,"column":19}},"68":{"start":{"line":192,"column":16},"end":{"line":192,"column":26}},"69":{"start":{"line":193,"column":4},"end":{"line":193,"column":57}},"70":{"start":{"line":195,"column":4},"end":{"line":201,"column":6}},"71":{"start":{"line":208,"column":4},"end":{"line":219,"column":6}},"72":{"start":{"line":13,"column":13},"end":{"line":13,"column":28}},"73":{"start":{"line":13,"column":13},"end":{"line":221,"column":null}}},"fnMap":{"0":{"name":"(anonymous_4)","decl":{"start":{"line":16,"column":2},"end":{"line":16,"column":null}},"loc":{"start":{"line":21,"column":55},"end":{"line":22,"column":6}}},"1":{"name":"(anonymous_5)","decl":{"start":{"line":27,"column":2},"end":{"line":27,"column":7}},"loc":{"start":{"line":27,"column":23},"end":{"line":30,"column":3}}},"2":{"name":"(anonymous_6)","decl":{"start":{"line":29,"column":25},"end":{"line":29,"column":27}},"loc":{"start":{"line":29,"column":31},"end":{"line":29,"column":45}}},"3":{"name":"(anonymous_7)","decl":{"start":{"line":35,"column":2},"end":{"line":35,"column":7}},"loc":{"start":{"line":35,"column":51},"end":{"line":38,"column":3}}},"4":{"name":"(anonymous_8)","decl":{"start":{"line":37,"column":25},"end":{"line":37,"column":27}},"loc":{"start":{"line":37,"column":31},"end":{"line":37,"column":45}}},"5":{"name":"(anonymous_9)","decl":{"start":{"line":43,"column":2},"end":{"line":43,"column":7}},"loc":{"start":{"line":43,"column":34},"end":{"line":49,"column":3}}},"6":{"name":"(anonymous_10)","decl":{"start":{"line":54,"column":10},"end":{"line":54,"column":15}},"loc":{"start":{"line":54,"column":83},"end":{"line":68,"column":3}}},"7":{"name":"(anonymous_11)","decl":{"start":{"line":73,"column":2},"end":{"line":73,"column":7}},"loc":{"start":{"line":73,"column":31},"end":{"line":202,"column":3}}},"8":{"name":"(anonymous_12)","decl":{"start":{"line":91,"column":48},"end":{"line":91,"column":49}},"loc":{"start":{"line":91,"column":53},"end":{"line":91,"column":65}}},"9":{"name":"(anonymous_13)","decl":{"start":{"line":102,"column":41},"end":{"line":102,"column":42}},"loc":{"start":{"line":102,"column":46},"end":{"line":102,"column":58}}},"10":{"name":"(anonymous_14)","decl":{"start":{"line":151,"column":42},"end":{"line":151,"column":43}},"loc":{"start":{"line":151,"column":54},"end":{"line":151,"column":72}}},"11":{"name":"(anonymous_15)","decl":{"start":{"line":207,"column":10},"end":{"line":207,"column":15}},"loc":{"start":{"line":207,"column":40},"end":{"line":220,"column":3}}}},"branchMap":{"0":{"loc":{"start":{"line":45,"column":4},"end":{"line":47,"column":5}},"type":"if","locations":[{"start":{"line":45,"column":4},"end":{"line":47,"column":5}}]},"1":{"loc":{"start":{"line":76,"column":4},"end":{"line":78,"column":5}},"type":"if","locations":[{"start":{"line":76,"column":4},"end":{"line":78,"column":5}}]},"2":{"loc":{"start":{"line":90,"column":4},"end":{"line":96,"column":5}},"type":"if","locations":[{"start":{"line":90,"column":4},"end":{"line":96,"column":5}}]},"3":{"loc":{"start":{"line":90,"column":8},"end":{"line":90,"column":67}},"type":"binary-expr","locations":[{"start":{"line":90,"column":8},"end":{"line":90,"column":28}},{"start":{"line":90,"column":32},"end":{"line":90,"column":67}}]},"4":{"loc":{"start":{"line":92,"column":6},"end":{"line":95,"column":7}},"type":"if","locations":[{"start":{"line":92,"column":6},"end":{"line":95,"column":7}}]},"5":{"loc":{"start":{"line":92,"column":10},"end":{"line":92,"column":49}},"type":"binary-expr","locations":[{"start":{"line":92,"column":10},"end":{"line":92,"column":18}},{"start":{"line":92,"column":22},"end":{"line":92,"column":49}}]},"6":{"loc":{"start":{"line":99,"column":4},"end":{"line":108,"column":5}},"type":"if","locations":[{"start":{"line":99,"column":4},"end":{"line":108,"column":5}}]},"7":{"loc":{"start":{"line":100,"column":29},"end":{"line":102,"column":68}},"type":"cond-expr","locations":[{"start":{"line":101,"column":10},"end":{"line":101,"column":36}},{"start":{"line":102,"column":10},"end":{"line":102,"column":68}}]},"8":{"loc":{"start":{"line":104,"column":6},"end":{"line":107,"column":7}},"type":"if","locations":[{"start":{"line":104,"column":6},"end":{"line":107,"column":7}}]},"9":{"loc":{"start":{"line":104,"column":10},"end":{"line":104,"column":67}},"type":"binary-expr","locations":[{"start":{"line":104,"column":10},"end":{"line":104,"column":24}},{"start":{"line":104,"column":28},"end":{"line":104,"column":67}}]},"10":{"loc":{"start":{"line":111,"column":4},"end":{"line":114,"column":5}},"type":"if","locations":[{"start":{"line":111,"column":4},"end":{"line":114,"column":5}}]},"11":{"loc":{"start":{"line":111,"column":8},"end":{"line":111,"column":65}},"type":"binary-expr","locations":[{"start":{"line":111,"column":8},"end":{"line":111,"column":26}},{"start":{"line":111,"column":30},"end":{"line":111,"column":65}}]},"12":{"loc":{"start":{"line":117,"column":4},"end":{"line":131,"column":5}},"type":"if","locations":[{"start":{"line":117,"column":4},"end":{"line":131,"column":5}}]},"13":{"loc":{"start":{"line":147,"column":6},"end":{"line":153,"column":7}},"type":"if","locations":[{"start":{"line":147,"column":6},"end":{"line":153,"column":7}}]},"14":{"loc":{"start":{"line":147,"column":10},"end":{"line":148,"column":53}},"type":"binary-expr","locations":[{"start":{"line":147,"column":10},"end":{"line":147,"column":31}},{"start":{"line":147,"column":35},"end":{"line":147,"column":61}},{"start":{"line":148,"column":10},"end":{"line":148,"column":53}}]},"15":{"loc":{"start":{"line":150,"column":8},"end":{"line":152,"column":9}},"type":"if","locations":[{"start":{"line":150,"column":8},"end":{"line":152,"column":9}}]},"16":{"loc":{"start":{"line":150,"column":12},"end":{"line":150,"column":61}},"type":"binary-expr","locations":[{"start":{"line":150,"column":12},"end":{"line":150,"column":27}},{"start":{"line":150,"column":31},"end":{"line":150,"column":61}}]},"17":{"loc":{"start":{"line":151,"column":54},"end":{"line":151,"column":72}},"type":"binary-expr","locations":[{"start":{"line":151,"column":54},"end":{"line":151,"column":66}},{"start":{"line":151,"column":70},"end":{"line":151,"column":72}}]},"18":{"loc":{"start":{"line":155,"column":6},"end":{"line":188,"column":7}},"type":"if","locations":[{"start":{"line":155,"column":6},"end":{"line":188,"column":7}},{"start":{"line":173,"column":13},"end":{"line":188,"column":7}}]},"19":{"loc":{"start":{"line":157,"column":8},"end":{"line":172,"column":9}},"type":"if","locations":[{"start":{"line":157,"column":8},"end":{"line":172,"column":9}}]}},"s":{"0":2,"1":2,"2":2,"3":2,"4":2,"5":9,"6":9,"7":9,"8":9,"9":2,"10":2,"11":2,"12":1,"13":1,"14":2,"15":2,"16":2,"17":1,"18":1,"19":2,"20":2,"21":3,"22":3,"23":1,"24":2,"25":2,"26":2,"27":2,"28":2,"29":2,"30":2,"31":2,"32":2,"33":1,"34":1,"35":2,"36":1,"37":1,"38":1,"39":1,"40":1,"41":2,"42":1,"43":1,"44":2,"45":1,"46":1,"47":2,"48":2,"49":2,"50":2,"51":2,"52":3,"53":3,"54":3,"55":3,"56":3,"57":3,"58":3,"59":3,"60":3,"61":1,"62":1,"63":1,"64":1,"65":2,"66":2,"67":2,"68":2,"69":2,"70":2,"71":5,"72":2,"73":2},"f":{"0":9,"1":2,"2":2,"3":1,"4":2,"5":2,"6":2,"7":3,"8":2,"9":1,"10":3,"11":5},"b":{"0":[1],"1":[1],"2":[2],"3":[2,2],"4":[1],"5":[2,2],"6":[1],"7":[0,1],"8":[1],"9":[1,1],"10":[1],"11":[2,2],"12":[1],"13":[3],"14":[3,3,3],"15":[3],"16":[3,3],"17":[3,0],"18":[1,2],"19":[1]}}
,"/Users/colinrabyniuk/Projects/notion-graph-view/server/src/notion/application/services/page.service.ts": {"path":"/Users/colinrabyniuk/Projects/notion-graph-view/server/src/notion/application/services/page.service.ts","statementMap":{"0":{"start":{"line":1,"column":0},"end":{"line":1,"column":79}},"1":{"start":{"line":4,"column":0},"end":{"line":4,"column":79}},"2":{"start":{"line":5,"column":0},"end":{"line":5,"column":68}},"3":{"start":{"line":6,"column":0},"end":{"line":6,"column":78}},"4":{"start":{"line":15,"column":24},"end":{"line":327,"column":null}},"5":{"start":{"line":20,"column":21},"end":{"line":20,"column":58}},"6":{"start":{"line":22,"column":21},"end":{"line":22,"column":66}},"7":{"start":{"line":23,"column":21},"end":{"line":23,"column":39}},"8":{"start":{"line":16,"column":19},"end":{"line":16,"column":57}},"9":{"start":{"line":30,"column":18},"end":{"line":30,"column":53}},"10":{"start":{"line":31,"column":4},"end":{"line":31,"column":47}},"11":{"start":{"line":31,"column":29},"end":{"line":31,"column":45}},"12":{"start":{"line":38,"column":18},"end":{"line":38,"column":72}},"13":{"start":{"line":39,"column":4},"end":{"line":39,"column":47}},"14":{"start":{"line":39,"column":29},"end":{"line":39,"column":45}},"15":{"start":{"line":46,"column":17},"end":{"line":46,"column":55}},"16":{"start":{"line":47,"column":4},"end":{"line":49,"column":5}},"17":{"start":{"line":48,"column":6},"end":{"line":48,"column":66}},"18":{"start":{"line":50,"column":4},"end":{"line":50,"column":28}},"19":{"start":{"line":57,"column":17},"end":{"line":57,"column":64}},"20":{"start":{"line":58,"column":4},"end":{"line":60,"column":5}},"21":{"start":{"line":59,"column":6},"end":{"line":59,"column":66}},"22":{"start":{"line":61,"column":4},"end":{"line":61,"column":28}},"23":{"start":{"line":68,"column":18},"end":{"line":68,"column":69}},"24":{"start":{"line":69,"column":4},"end":{"line":69,"column":47}},"25":{"start":{"line":69,"column":29},"end":{"line":69,"column":45}},"26":{"start":{"line":77,"column":17},"end":{"line":77,"column":55}},"27":{"start":{"line":78,"column":4},"end":{"line":80,"column":5}},"28":{"start":{"line":79,"column":6},"end":{"line":79,"column":66}},"29":{"start":{"line":83,"column":23},"end":{"line":83,"column":62}},"30":{"start":{"line":86,"column":25},"end":{"line":86,"column":30}},"31":{"start":{"line":87,"column":28},"end":{"line":87,"column":33}},"32":{"start":{"line":88,"column":20},"end":{"line":88,"column":30}},"33":{"start":{"line":89,"column":22},"end":{"line":89,"column":34}},"34":{"start":{"line":90,"column":25},"end":{"line":90,"column":40}},"35":{"start":{"line":93,"column":4},"end":{"line":103,"column":5}},"36":{"start":{"line":95,"column":24},"end":{"line":95,"column":50}},"37":{"start":{"line":96,"column":6},"end":{"line":102,"column":7}},"38":{"start":{"line":97,"column":25},"end":{"line":97,"column":85}},"39":{"start":{"line":97,"column":57},"end":{"line":97,"column":75}},"40":{"start":{"line":98,"column":8},"end":{"line":101,"column":9}},"41":{"start":{"line":99,"column":10},"end":{"line":99,"column":31}},"42":{"start":{"line":100,"column":10},"end":{"line":100,"column":35}},"43":{"start":{"line":106,"column":19},"end":{"line":106,"column":64}},"44":{"start":{"line":109,"column":23},"end":{"line":109,"column":62}},"45":{"start":{"line":110,"column":4},"end":{"line":113,"column":5}},"46":{"start":{"line":111,"column":6},"end":{"line":111,"column":31}},"47":{"start":{"line":112,"column":6},"end":{"line":112,"column":28}},"48":{"start":{"line":116,"column":4},"end":{"line":137,"column":5}},"49":{"start":{"line":117,"column":32},"end":{"line":117,"column":87}},"50":{"start":{"line":120,"column":30},"end":{"line":120,"column":74}},"51":{"start":{"line":120,"column":63},"end":{"line":120,"column":72}},"52":{"start":{"line":121,"column":31},"end":{"line":121,"column":82}},"53":{"start":{"line":123,"column":6},"end":{"line":131,"column":7}},"54":{"start":{"line":124,"column":8},"end":{"line":130,"column":9}},"55":{"start":{"line":125,"column":31},"end":{"line":125,"column":59}},"56":{"start":{"line":126,"column":10},"end":{"line":129,"column":11}},"57":{"start":{"line":127,"column":12},"end":{"line":127,"column":38}},"58":{"start":{"line":128,"column":12},"end":{"line":128,"column":18}},"59":{"start":{"line":133,"column":6},"end":{"line":136,"column":7}},"60":{"start":{"line":134,"column":8},"end":{"line":134,"column":43}},"61":{"start":{"line":135,"column":8},"end":{"line":135,"column":33}},"62":{"start":{"line":140,"column":4},"end":{"line":154,"column":5}},"63":{"start":{"line":141,"column":26},"end":{"line":151,"column":8}},"64":{"start":{"line":153,"column":6},"end":{"line":153,"column":50}},"65":{"start":{"line":156,"column":4},"end":{"line":163,"column":6}},"66":{"start":{"line":170,"column":4},"end":{"line":192,"column":6}},"67":{"start":{"line":176,"column":47},"end":{"line":181,"column":8}},"68":{"start":{"line":182,"column":45},"end":{"line":189,"column":8}},"69":{"start":{"line":199,"column":32},"end":{"line":199,"column":34}},"70":{"start":{"line":201,"column":4},"end":{"line":244,"column":5}},"71":{"start":{"line":202,"column":6},"end":{"line":242,"column":7}},"72":{"start":{"line":203,"column":30},"end":{"line":205,"column":25}},"73":{"start":{"line":204,"column":31},"end":{"line":204,"column":52}},"74":{"start":{"line":207,"column":8},"end":{"line":209,"column":9}},"75":{"start":{"line":208,"column":10},"end":{"line":208,"column":40}},"76":{"start":{"line":210,"column":13},"end":{"line":242,"column":7}},"77":{"start":{"line":211,"column":28},"end":{"line":213,"column":25}},"78":{"start":{"line":212,"column":31},"end":{"line":212,"column":52}},"79":{"start":{"line":215,"column":8},"end":{"line":217,"column":9}},"80":{"start":{"line":216,"column":10},"end":{"line":216,"column":45}},"81":{"start":{"line":218,"column":13},"end":{"line":242,"column":7}},"82":{"start":{"line":219,"column":28},"end":{"line":221,"column":25}},"83":{"start":{"line":220,"column":31},"end":{"line":220,"column":52}},"84":{"start":{"line":223,"column":8},"end":{"line":225,"column":9}},"85":{"start":{"line":224,"column":10},"end":{"line":224,"column":46}},"86":{"start":{"line":226,"column":13},"end":{"line":242,"column":7}},"87":{"start":{"line":227,"column":28},"end":{"line":229,"column":25}},"88":{"start":{"line":228,"column":31},"end":{"line":228,"column":52}},"89":{"start":{"line":231,"column":8},"end":{"line":233,"column":9}},"90":{"start":{"line":232,"column":10},"end":{"line":232,"column":47}},"91":{"start":{"line":234,"column":13},"end":{"line":242,"column":7}},"92":{"start":{"line":235,"column":25},"end":{"line":237,"column":25}},"93":{"start":{"line":236,"column":31},"end":{"line":236,"column":52}},"94":{"start":{"line":239,"column":8},"end":{"line":241,"column":9}},"95":{"start":{"line":240,"column":10},"end":{"line":240,"column":42}},"96":{"start":{"line":246,"column":4},"end":{"line":246,"column":34}},"97":{"start":{"line":253,"column":35},"end":{"line":253,"column":37}},"98":{"start":{"line":255,"column":4},"end":{"line":298,"column":5}},"99":{"start":{"line":256,"column":19},"end":{"line":256,"column":42}},"100":{"start":{"line":257,"column":23},"end":{"line":257,"column":27}},"101":{"start":{"line":259,"column":6},"end":{"line":290,"column":7}},"102":{"start":{"line":261,"column":10},"end":{"line":261,"column":79}},"103":{"start":{"line":261,"column":50},"end":{"line":261,"column":62}},"104":{"start":{"line":262,"column":10},"end":{"line":262,"column":16}},"105":{"start":{"line":264,"column":10},"end":{"line":264,"column":83}},"106":{"start":{"line":264,"column":54},"end":{"line":264,"column":66}},"107":{"start":{"line":265,"column":10},"end":{"line":265,"column":16}},"108":{"start":{"line":267,"column":10},"end":{"line":267,"column":34}},"109":{"start":{"line":268,"column":10},"end":{"line":268,"column":16}},"110":{"start":{"line":270,"column":10},"end":{"line":270,"column":48}},"111":{"start":{"line":271,"column":10},"end":{"line":271,"column":16}},"112":{"start":{"line":273,"column":10},"end":{"line":273,"column":71}},"113":{"start":{"line":2
[...]
,"/Users/colinrabyniuk/Projects/notion-graph-view/server/src/shared/infrastructure/caching/redis/redis.module.ts": {"path":"/Users/colinrabyniuk/Projects/notion-graph-view/server/src/shared/infrastructure/caching/redis/redis.module.ts","statementMap":{"0":{"start":{"line":1,"column":0},"end":{"line":1,"column":40}},"1":{"start":{"line":2,"column":0},"end":{"line":2,"column":61}},"2":{"start":{"line":3,"column":0},"end":{"line":3,"column":47}},"3":{"start":{"line":10,"column":7},"end":{"line":10,"column":null}},"4":{"start":{"line":10,"column":13},"end":{"line":10,"column":24}},"5":{"start":{"line":10,"column":13},"end":{"line":10,"column":null}}},"fnMap":{},"branchMap":{},"s":{"0":0,"1":0,"2":0,"3":0,"4":0,"5":0},"f":{},"b":{}}
,"/Users/colinrabyniuk/Projects/notion-graph-view/server/src/shared/infrastructure/caching/redis/redis.service.ts": {"path":"/Users/colinrabyniuk/Projects/notion-graph-view/server/src/shared/infrastructure/caching/redis/redis.service.ts","statementMap":{"0":{"start":{"line":1,"column":0},"end":{"line":1,"column":75}},"1":{"start":{"line":2,"column":0},"end":{"line":2,"column":47}},"2":{"start":{"line":3,"column":0},"end":{"line":3,"column":28}},"3":{"start":{"line":6,"column":7},"end":{"line":32,"column":null}},"4":{"start":{"line":9,"column":22},"end":{"line":9,"column":37}},"5":{"start":{"line":10,"column":4},"end":{"line":13,"column":7}},"6":{"start":{"line":18,"column":4},"end":{"line":22,"column":5}},"7":{"start":{"line":19,"column":6},"end":{"line":19,"column":31}},"8":{"start":{"line":21,"column":6},"end":{"line":21,"column":49}},"9":{"start":{"line":26,"column":4},"end":{"line":26,"column":29}},"10":{"start":{"line":30,"column":4},"end":{"line":30,"column":23}},"11":{"start":{"line":6,"column":13},"end":{"line":6,"column":25}},"12":{"start":{"line":6,"column":13},"end":{"line":32,"column":null}}},"fnMap":{"0":{"name":"(anonymous_2)","decl":{"start":{"line":9,"column":2},"end":{"line":9,"column":22}},"loc":{"start":{"line":9,"column":50},"end":{"line":14,"column":3}}},"1":{"name":"(anonymous_3)","decl":{"start":{"line":16,"column":2},"end":{"line":16,"column":7}},"loc":{"start":{"line":16,"column":20},"end":{"line":23,"column":3}}},"2":{"name":"(anonymous_4)","decl":{"start":{"line":25,"column":2},"end":{"line":25,"column":7}},"loc":{"start":{"line":25,"column":23},"end":{"line":27,"column":3}}},"3":{"name":"(anonymous_5)","decl":{"start":{"line":29,"column":2},"end":{"line":29,"column":11}},"loc":{"start":{"line":29,"column":11},"end":{"line":31,"column":3}}}},"branchMap":{},"s":{"0":0,"1":0,"2":0,"3":0,"4":0,"5":0,"6":0,"7":0,"8":0,"9":0,"10":0,"11":0,"12":0},"f":{"0":0,"1":0,"2":0,"3":0},"b":{}}
,"/Users/colinrabyniuk/Projects/notion-graph-view/server/src/shared/infrastructure/event-bus/event-bus.module.ts": {"path":"/Users/colinrabyniuk/Projects/notion-graph-view/server/src/shared/infrastructure/event-bus/event-bus.module.ts","statementMap":{"0":{"start":{"line":1,"column":0},"end":{"line":1,"column":48}},"1":{"start":{"line":2,"column":0},"end":{"line":2,"column":54}},"2":{"start":{"line":3,"column":0},"end":{"line":3,"column":58}},"3":{"start":{"line":10,"column":7},"end":{"line":10,"column":null}},"4":{"start":{"line":10,"column":13},"end":{"line":10,"column":27}},"5":{"start":{"line":10,"column":13},"end":{"line":10,"column":null}}},"fnMap":{},"branchMap":{},"s":{"0":0,"1":0,"2":0,"3":0,"4":0,"5":0},"f":{},"b":{}}
,"/Users/colinrabyniuk/Projects/notion-graph-view/server/src/shared/infrastructure/event-bus/event-bus.service.ts": {"path":"/Users/colinrabyniuk/Projects/notion-graph-view/server/src/shared/infrastructure/event-bus/event-bus.service.ts","statementMap":{"0":{"start":{"line":2,"column":0},"end":{"line":2,"column":50}},"1":{"start":{"line":3,"column":0},"end":{"line":3,"column":41}},"2":{"start":{"line":6,"column":0},"end":{"line":6,"column":78}},"3":{"start":{"line":7,"column":0},"end":{"line":7,"column":58}},"4":{"start":{"line":10,"column":7},"end":{"line":57,"column":null}},"5":{"start":{"line":14,"column":21},"end":{"line":14,"column":32}},"6":{"start":{"line":15,"column":21},"end":{"line":15,"column":29}},"7":{"start":{"line":11,"column":19},"end":{"line":11,"column":90}},"8":{"start":{"line":19,"column":21},"end":{"line":19,"column":97}},"9":{"start":{"line":21,"column":4},"end":{"line":23,"column":5}},"10":{"start":{"line":22,"column":6},"end":{"line":22,"column":75}},"11":{"start":{"line":25,"column":26},"end":{"line":25,"column":34}},"12":{"start":{"line":26,"column":21},"end":{"line":26,"column":55}},"13":{"start":{"line":27,"column":4},"end":{"line":27,"column":27}},"14":{"start":{"line":28,"column":4},"end":{"line":28,"column":43}},"15":{"start":{"line":30,"column":4},"end":{"line":30,"column":89}},"16":{"start":{"line":34,"column":22},"end":{"line":34,"column":37}},"17":{"start":{"line":35,"column":21},"end":{"line":35,"column":55}},"18":{"start":{"line":37,"column":4},"end":{"line":37,"column":86}},"19":{"start":{"line":39,"column":4},"end":{"line":49,"column":5}},"20":{"start":{"line":40,"column":6},"end":{"line":48,"column":7}},"21":{"start":{"line":41,"column":24},"end":{"line":41,"column":65}},"22":{"start":{"line":42,"column":8},"end":{"line":42,"column":36}},"23":{"start":{"line":44,"column":8},"end":{"line":47,"column":10}},"24":{"start":{"line":53,"column":4},"end":{"line":55,"column":5}},"25":{"start":{"line":54,"column":6},"end":{"line":54,"column":32}},"26":{"start":{"line":10,"column":13},"end":{"line":10,"column":28}},"27":{"start":{"line":10,"column":13},"end":{"line":57,"column":null}}},"fnMap":{"0":{"name":"(anonymous_2)","decl":{"start":{"line":13,"column":2},"end":{"line":13,"column":null}},"loc":{"start":{"line":15,"column":42},"end":{"line":16,"column":6}}},"1":{"name":"(anonymous_3)","decl":{"start":{"line":18,"column":2},"end":{"line":18,"column":10}},"loc":{"start":{"line":18,"column":53},"end":{"line":31,"column":3}}},"2":{"name":"(anonymous_4)","decl":{"start":{"line":33,"column":2},"end":{"line":33,"column":7}},"loc":{"start":{"line":33,"column":35},"end":{"line":50,"column":3}}},"3":{"name":"(anonymous_5)","decl":{"start":{"line":52,"column":2},"end":{"line":52,"column":7}},"loc":{"start":{"line":52,"column":41},"end":{"line":56,"column":3}}}},"branchMap":{"0":{"loc":{"start":{"line":21,"column":4},"end":{"line":23,"column":5}},"type":"if","locations":[{"start":{"line":21,"column":4},"end":{"line":23,"column":5}}]},"1":{"loc":{"start":{"line":26,"column":21},"end":{"line":26,"column":55}},"type":"binary-expr","locations":[{"start":{"line":26,"column":21},"end":{"line":26,"column":49}},{"start":{"line":26,"column":53},"end":{"line":26,"column":55}}]},"2":{"loc":{"start":{"line":35,"column":21},"end":{"line":35,"column":55}},"type":"binary-expr","locations":[{"start":{"line":35,"column":21},"end":{"line":35,"column":49}},{"start":{"line":35,"column":53},"end":{"line":35,"column":55}}]},"3":{"loc":{"start":{"line":46,"column":10},"end":{"line":46,"column":58}},"type":"cond-expr","locations":[{"start":{"line":46,"column":35},"end":{"line":46,"column":46}},{"start":{"line":46,"column":49},"end":{"line":46,"column":58}}]}},"s":{"0":0,"1":0,"2":0,"3":0,"4":0,"5":0,"6":0,"7":0,"8":0,"9":0,"10":0,"11":0,"12":0,"13":0,"14":0,"15":0,"16":0,"17":0,"18":0,"19":0,"20":0,"21":0,"22":0,"23":0,"24":0,"25":0,"26":0,"27":0},"f":{"0":0,"1":0,"2":0,"3":0},"b":{"0":[0],"1":[0,0],"2":[0,0],"3":[0,0]}}
,"/Users/colinrabyniuk/Projects/notion-graph-view/server/src/shared/infrastructure/event-bus/__tests__/mocks.ts": {"path":"/Users/colinrabyniuk/Projects/notion-graph-view/server/src/shared/infrastructure/event-bus/__tests__/mocks.ts","statementMap":{"0":{"start":{"line":1,"column":0},"end":{"line":1,"column":26}},"1":{"start":{"line":4,"column":0},"end":{"line":4,"column":69}},"2":{"start":{"line":10,"column":30},"end":{"line":10,"column":42}},"3":{"start":{"line":8,"column":2},"end":{"line":8,"column":26}},"4":{"start":{"line":9,"column":2},"end":{"line":9,"column":26}},"5":{"start":{"line":7,"column":0},"end":{"line":7,"column":13}},"6":{"start":{"line":16,"column":30},"end":{"line":16,"column":42}},"7":{"start":{"line":14,"column":2},"end":{"line":14,"column":33}},"8":{"start":{"line":15,"column":2},"end":{"line":15,"column":26}},"9":{"start":{"line":13,"column":0},"end":{"line":13,"column":13}},"10":{"start":{"line":25,"column":4},"end":{"line":25,"column":45}},"11":{"start":{"line":29,"column":4},"end":{"line":29,"column":26}},"12":{"start":{"line":21,"column":13},"end":{"line":21,"column":29}},"13":{"start":{"line":22,"column":9},"end":{"line":22,"column":36}},"14":{"start":{"line":21,"column":13},"end":{"line":31,"column":null}},"15":{"start":{"line":38,"column":4},"end":{"line":38,"column":52}},"16":{"start":{"line":42,"column":4},"end":{"line":42,"column":26}},"17":{"start":{"line":34,"column":13},"end":{"line":34,"column":36}},"18":{"start":{"line":35,"column":9},"end":{"line":35,"column":36}},"19":{"start":{"line":34,"column":13},"end":{"line":44,"column":null}},"20":{"start":{"line":51,"column":4},"end":{"line":51,"column":50}},"21":{"start":{"line":55,"column":4},"end":{"line":55,"column":26}},"22":{"start":{"line":47,"column":13},"end":{"line":47,"column":34}},"23":{"start":{"line":48,"column":9},"end":{"line":48,"column":43}},"24":{"start":{"line":47,"column":13},"end":{"line":57,"column":null}},"25":{"start":{"line":61,"column":7},"end":{"line":65,"column":null}},"26":{"start":{"line":63,"column":4},"end":{"line":63,"column":34}},"27":{"start":{"line":61,"column":13},"end":{"line":61,"column":33}},"28":{"start":{"line":61,"column":13},"end":{"line":65,"column":null}}},"fnMap":{"0":{"name":"(anonymous_1)","decl":{"start":{"line":10,"column":2},"end":{"line":10,"column":30}},"loc":{"start":{"line":10,"column":42},"end":{"line":10,"column":46}}},"1":{"name":"(anonymous_2)","decl":{"start":{"line":16,"column":2},"end":{"line":16,"column":30}},"loc":{"start":{"line":16,"column":42},"end":{"line":16,"column":46}}},"2":{"name":"(anonymous_3)","decl":{"start":{"line":24,"column":2},"end":{"line":24,"column":7}},"loc":{"start":{"line":24,"column":31},"end":{"line":26,"column":3}}},"3":{"name":"(anonymous_4)","decl":{"start":{"line":28,"column":2},"end":{"line":28,"column":8}},"loc":{"start":{"line":28,"column":14},"end":{"line":30,"column":3}}},"4":{"name":"(anonymous_5)","decl":{"start":{"line":37,"column":2},"end":{"line":37,"column":7}},"loc":{"start":{"line":37,"column":31},"end":{"line":39,"column":3}}},"5":{"name":"(anonymous_6)","decl":{"start":{"line":41,"column":2},"end":{"line":41,"column":8}},"loc":{"start":{"line":41,"column":14},"end":{"line":43,"column":3}}},"6":{"name":"(anonymous_7)","decl":{"start":{"line":50,"column":2},"end":{"line":50,"column":7}},"loc":{"start":{"line":50,"column":38},"end":{"line":52,"column":3}}},"7":{"name":"(anonymous_8)","decl":{"start":{"line":54,"column":2},"end":{"line":54,"column":8}},"loc":{"start":{"line":54,"column":14},"end":{"line":56,"column":3}}},"8":{"name":"(anonymous_9)","decl":{"start":{"line":62,"column":2},"end":{"line":62,"column":7}},"loc":{"start":{"line":62,"column":31},"end":{"line":64,"column":3}}}},"branchMap":{},"s":{"0":0,"1":0,"2":0,"3":0,"4":0,"5":0,"6":0,"7":0,"8":0,"9":0,"10":0,"11":0,"12":0,"13":0,"14":0,"15":0,"16":0,"17":0,"18":0,"19":0,"20":0,"21":0,"22":0,"23":0,"24":0,"25":0,"26":0,"27":0,"28":0},"f":{"0":0,"1":0,"2":0,"3":0,"4":0,"5":0,"6":0,"7":0,"8":0},"b":{}}
,"/Users/colinrabyniuk/Projects/notion-graph-view/server/src/shared/infrastructure/event-bus/decorators/event-handler.decorator.ts": {"path":"/Users/colinrabyniuk/Projects/notion-graph-view/server/src/shared/infrastructure/event-bus/decorators/event-handler.decorator.ts","statementMap":{"0":{"start":{"line":1,"column":0},"end":{"line":1,"column":45}},"1":{"start":{"line":3,"column":13},"end":{"line":3,"column":63}},"2":{"start":{"line":5,"column":28},"end":{"line":7,"column":1}},"3":{"start":{"line":6,"column":2},"end":{"line":6,"column":60}},"4":{"start":{"line":5,"column":13},"end":{"line":5,"column":28}}},"fnMap":{"0":{"name":"(anonymous_0)","decl":{"start":{"line":5,"column":28},"end":{"line":5,"column":29}},"loc":{"start":{"line":5,"column":66},"end":{"line":7,"column":1}}}},"branchMap":{},"s":{"0":0,"1":0,"2":0,"3":0,"4":0},"f":{"0":0},"b":{}}
,"/Users/colinrabyniuk/Projects/notion-graph-view/server/src/shared/infrastructure/logging/logger.service.ts": {"path":"/Users/colinrabyniuk/Projects/notion-graph-view/server/src/shared/infrastructure/logging/logger.service.ts","statementMap":{"0":{"start":{"line":1,"column":0},"end":{"line":1,"column":80}},"1":{"start":{"line":4,"column":7},"end":{"line":24,"column":null}},"2":{"start":{"line":6,"column":4},"end":{"line":6,"column":60}},"3":{"start":{"line":10,"column":4},"end":{"line":10,"column":69}},"4":{"start":{"line":14,"column":4},"end":{"line":14,"column":61}},"5":{"start":{"line":18,"column":4},"end":{"line":18,"column":62}},"6":{"start":{"line":22,"column":4},"end":{"line":22,"column":60}},"7":{"start":{"line":4,"column":13},"end":{"line":4,"column":26}},"8":{"start":{"line":4,"column":13},"end":{"line":24,"column":null}}},"fnMap":{"0":{"name":"(anonymous_1)","decl":{"start":{"line":5,"column":2},"end":{"line":5,"column":5}},"loc":{"start":{"line":5,"column":39},"end":{"line":7,"column":3}}},"1":{"name":"(anonymous_2)","decl":{"start":{"line":9,"column":2},"end":{"line":9,"column":7}},"loc":{"start":{"line":9,"column":57},"end":{"line":11,"column":3}}},"2":{"name":"(anonymous_3)","decl":{"start":{"line":13,"column":2},"end":{"line":13,"column":6}},"loc":{"start":{"line":13,"column":40},"end":{"line":15,"column":3}}},"3":{"name":"(anonymous_4)","decl":{"start":{"line":17,"column":2},"end":{"line":17,"column":7}},"loc":{"start":{"line":17,"column":41},"end":{"line":19,"column":3}}},"4":{"name":"(anonymous_5)","decl":{"start":{"line":21,"column":2},"end":{"line":21,"column":9}},"loc":{"start":{"line":21,"column":43},"end":{"line":23,"column":3}}}},"branchMap":{"0":{"loc":{"start":{"line":6,"column":20},"end":{"line":6,"column":44}},"type":"binary-expr","locations":[{"start":{"line":6,"column":20},"end":{"line":6,"column":27}},{"start":{"line":6,"column":31},"end":{"line":6,"column":44}}]},"1":{"loc":{"start":{"line":10,"column":22},"end":{"line":10,"column":46}},"type":"binary-expr","locations":[{"start":{"line":10,"column":22},"end":{"line":10,"column":29}},{"start":{"line":10,"column":33},"end":{"line":10,"column":46}}]},"2":{"loc":{"start":{"line":14,"column":21},"end":{"line":14,"column":45}},"type":"binary-expr","locations":[{"start":{"line":14,"column":21},"end":{"line":14,"column":28}},{"start":{"line":14,"column":32},"end":{"line":14,"column":45}}]},"3":{"loc":{"start":{"line":18,"column":22},"end":{"line":18,"column":46}},"type":"binary-expr","locations":[{"start":{"line":18,"column":22},"end":{"line":18,"column":29}},{"start":{"line":18,"column":33},"end":{"line":18,"column":46}}]},"4":{"loc":{"start":{"line":22,"column":20},"end":{"line":22,"column":44}},"type":"binary-expr","locations":[{"start":{"line":22,"column":20},"end":{"line":22,"column":27}},{"start":{"line":22,"column":31},"end":{"line":22,"column":44}}]}},"s":{"0":0,"1":0,"2":0,"3":0,"4":0,"5":0,"6":0,"7":0,"8":0},"f":{"0":0,"1":0,"2":0,"3":0,"4":0},"b":{"0":[0,0],"1":[0,0],"2":[0,0],"3":[0,0],"4":[0,0]}}
,"/Users/colinrabyniuk/Projects/notion-graph-view/server/src/shared/infrastructure/persistence/mongodb/mongodb.module.ts": {"path":"/Users/colinrabyniuk/Projects/notion-graph-view/server/src/shared/infrastructure/persistence/mongodb/mongodb.module.ts","statementMap":{"0":{"start":{"line":1,"column":0},"end":{"line":1,"column":40}},"1":{"start":{"line":2,"column":0},"end":{"line":2,"column":50}},"2":{"start":{"line":3,"column":0},"end":{"line":3,"column":61}},"3":{"start":{"line":4,"column":0},"end":{"line":4,"column":51}},"4":{"start":{"line":21,"column":7},"end":{"line":21,"column":null}},"5":{"start":{"line":21,"column":13},"end":{"line":21,"column":26}},"6":{"start":{"line":21,"column":13},"end":{"line":21,"column":null}},"7":{"start":{"line":10,"column":59},"end":{"line":14,"column":8}}},"fnMap":{"0":{"name":"(anonymous_1)","decl":{"start":{"line":10,"column":18},"end":{"line":10,"column":23}},"loc":{"start":{"line":10,"column":59},"end":{"line":14,"column":8}}}},"branchMap":{},"s":{"0":0,"1":0,"2":0,"3":0,"4":0,"5":0,"6":0,"7":0},"f":{"0":0},"b":{}}
,"/Users/colinrabyniuk/Projects/notion-graph-view/server/src/shared/infrastructure/persistence/mongodb/mongodb.service.ts": {"path":"/Users/colinrabyniuk/Projects/notion-graph-view/server/src/shared/infrastructure/persistence/mongodb/mongodb.service.ts","statementMap":{"0":{"start":{"line":1,"column":0},"end":{"line":1,"column":91}},"1":{"start":{"line":2,"column":0},"end":{"line":2,"column":52}},"2":{"start":{"line":3,"column":0},"end":{"line":3,"column":38}},"3":{"start":{"line":6,"column":7},"end":{"line":24,"column":null}},"4":{"start":{"line":7,"column":51},"end":{"line":7,"column":63}},"5":{"start":{"line":11,"column":4},"end":{"line":13,"column":5}},"6":{"start":{"line":12,"column":6},"end":{"line":12,"column":58}},"7":{"start":{"line":18,"column":4},"end":{"line":18,"column":34}},"8":{"start":{"line":22,"column":4},"end":{"line":22,"column":27}},"9":{"start":{"line":6,"column":13},"end":{"line":6,"column":27}},"10":{"start":{"line":6,"column":13},"end":{"line":24,"column":null}}},"fnMap":{"0":{"name":"(anonymous_4)","decl":{"start":{"line":7,"column":2},"end":{"line":7,"column":15}},"loc":{"start":{"line":7,"column":73},"end":{"line":7,"column":77}}},"1":{"name":"(anonymous_5)","decl":{"start":{"line":9,"column":2},"end":{"line":9,"column":7}},"loc":{"start":{"line":9,"column":30},"end":{"line":14,"column":3}}},"2":{"name":"(anonymous_6)","decl":{"start":{"line":16,"column":2},"end":{"line":16,"column":7}},"loc":{"start":{"line":16,"column":29},"end":{"line":19,"column":3}}},"3":{"name":"(anonymous_7)","decl":{"start":{"line":21,"column":2},"end":{"line":21,"column":15}},"loc":{"start":{"line":21,"column":15},"end":{"line":23,"column":3}}}},"branchMap":{"0":{"loc":{"start":{"line":11,"column":4},"end":{"line":13,"column":5}},"type":"if","locations":[{"start":{"line":11,"column":4},"end":{"line":13,"column":5}}]}},"s":{"0":0,"1":0,"2":0,"3":0,"4":0,"5":0,"6":0,"7":0,"8":0,"9":0,"10":0},"f":{"0":0,"1":0,"2":0,"3":0},"b":{"0":[0]}}
}
