TN:
SF:src/app.module.ts
FNF:0
FNH:0
DA:1,0
DA:2,0
DA:3,0
DA:4,0
DA:5,0
DA:6,0
DA:7,0
DA:31,0
LF:8
LH:0
BRF:0
BRH:0
end_of_record
TN:
SF:src/main.ts
FN:6,bootstrap
FNF:1
FNH:0
FNDA:0,bootstrap
DA:1,0
DA:2,0
DA:3,0
DA:4,0
DA:7,0
DA:10,0
DA:17,0
DA:23,0
DA:24,0
DA:27,0
DA:29,0
DA:32,0
LF:12
LH:0
BRF:0
BRH:0
end_of_record
TN:
SF:src/iam/iam.module.ts
FN:26,(anonymous_1)
FNF:1
FNH:0
FNDA:0,(anonymous_1)
DA:1,0
DA:2,0
DA:3,0
DA:6,0
DA:7,0
DA:10,0
DA:11,0
DA:14,0
DA:15,0
DA:18,0
DA:19,0
DA:26,0
DA:55,0
LF:13
LH:0
BRF:0
BRH:0
end_of_record
TN:
SF:src/iam/application/dtos/auth-request.dto.ts
FNF:0
FNH:0
DA:1,0
DA:2,0
DA:4,0
DA:8,0
DA:13,0
DA:18,0
DA:21,0
DA:25,0
DA:30,0
DA:33,0
DA:37,0
DA:42,0
LF:12
LH:0
BRF:0
BRH:0
end_of_record
TN:
SF:src/iam/application/dtos/auth-response.dto.ts
FNF:0
FNH:0
DA:1,0
DA:3,0
DA:5,0
DA:8,0
DA:11,0
DA:13,0
DA:16,0
DA:19,0
DA:22,0
DA:25,0
LF:10
LH:0
BRF:0
BRH:0
end_of_record
TN:
SF:src/iam/application/dtos/user.dto.ts
FNF:0
FNH:0
DA:1,0
DA:3,0
DA:5,0
DA:8,0
DA:11,0
DA:14,0
DA:17,0
DA:20,0
DA:23,0
DA:26,0
DA:28,0
DA:31,0
LF:12
LH:0
BRF:0
BRH:0
end_of_record
TN:
SF:src/iam/application/services/auth.service.ts
FN:18,(anonymous_4)
FN:26,(anonymous_5)
FN:56,(anonymous_6)
FN:83,(anonymous_7)
FN:106,(anonymous_8)
FN:121,(anonymous_9)
FNF:6
FNH:0
FNDA:0,(anonymous_4)
FNDA:0,(anonymous_5)
FNDA:0,(anonymous_6)
FNDA:0,(anonymous_7)
FNDA:0,(anonymous_8)
FNDA:0,(anonymous_9)
DA:1,0
DA:2,0
DA:3,0
DA:4,0
DA:5,0
DA:7,0
DA:8,0
DA:9,0
DA:11,0
DA:17,0
DA:20,0
DA:21,0
DA:22,0
DA:23,0
DA:28,0
DA:29,0
DA:30,0
DA:34,0
DA:37,0
DA:44,0
DA:47,0
DA:50,0
DA:51,0
DA:53,0
DA:58,0
DA:59,0
DA:60,0
DA:64,0
DA:65,0
DA:66,0
DA:70,0
DA:73,0
DA:74,0
DA:77,0
DA:78,0
DA:80,0
DA:85,0
DA:86,0
DA:87,0
DA:91,0
DA:97,0
DA:98,0
DA:101,0
DA:103,0
DA:107,0
DA:113,0
DA:118,0
DA:122,0
LF:48
LH:0
BRDA:29,0,0,0
BRDA:59,1,0,0
BRDA:65,2,0,0
BRDA:86,3,0,0
BRF:4
BRH:0
end_of_record
TN:
SF:src/iam/application/services/user.service.ts
FN:8,(anonymous_4)
FN:13,(anonymous_5)
FN:21,(anonymous_6)
FN:29,(anonymous_7)
FN:37,(anonymous_8)
FN:40,(anonymous_9)
FN:45,(anonymous_10)
FNF:7
FNH:0
FNDA:0,(anonymous_4)
FNDA:0,(anonymous_5)
FNDA:0,(anonymous_6)
FNDA:0,(anonymous_7)
FNDA:0,(anonymous_8)
FNDA:0,(anonymous_9)
FNDA:0,(anonymous_10)
DA:1,0
DA:7,0
DA:10,0
DA:14,0
DA:15,0
DA:16,0
DA:18,0
DA:22,0
DA:23,0
DA:24,0
DA:26,0
DA:30,0
DA:31,0
DA:32,0
DA:34,0
DA:38,0
DA:39,0
DA:40,0
DA:46,0
LF:19
LH:0
BRDA:15,0,0,0
BRDA:23,1,0,0
BRDA:31,2,0,0
BRF:3
BRH:0
end_of_record
TN:
SF:src/iam/domain/events/user-authenticated.event.ts
FN:6,(anonymous_0)
FNF:1
FNH:0
FNDA:0,(anonymous_0)
DA:3,0
DA:4,0
DA:7,0
DA:8,0
LF:4
LH:0
BRF:0
BRH:0
end_of_record
TN:
SF:src/iam/domain/events/user-registered.event.ts
FN:6,(anonymous_0)
FNF:1
FNH:0
FNDA:0,(anonymous_0)
DA:3,0
DA:4,0
DA:7,0
DA:8,0
DA:9,0
DA:10,0
LF:6
LH:0
BRF:0
BRH:0
end_of_record
TN:
SF:src/iam/domain/models/auth-token.value-object.ts
FN:4,(anonymous_0)
FN:9,(anonymous_1)
FN:14,(anonymous_2)
FN:18,(anonymous_3)
FN:22,(anonymous_4)
FN:27,(anonymous_5)
FNF:6
FNH:0
FNDA:0,(anonymous_0)
FNDA:0,(anonymous_1)
FNDA:0,(anonymous_2)
FNDA:0,(anonymous_3)
FNDA:0,(anonymous_4)
FNDA:0,(anonymous_5)
DA:3,0
DA:5,0
DA:6,0
DA:10,0
DA:15,0
DA:19,0
DA:23,0
DA:28,0
DA:29,0
DA:30,0
LF:10
LH:0
BRDA:10,0,0,0
BRDA:10,0,1,0
BRDA:27,1,0,0
BRF:3
BRH:0
end_of_record
TN:
SF:src/iam/domain/models/notion-credentials.value-object.ts
FN:4,(anonymous_0)
FN:10,(anonymous_1)
FN:16,(anonymous_2)
FN:20,(anonymous_3)
FN:24,(anonymous_4)
FN:28,(anonymous_5)
FNF:6
FNH:0
FNDA:0,(anonymous_0)
FNDA:0,(anonymous_1)
FNDA:0,(anonymous_2)
FNDA:0,(anonymous_3)
FNDA:0,(anonymous_4)
FNDA:0,(anonymous_5)
DA:3,0
DA:5,0
DA:6,0
DA:7,0
DA:11,0
DA:17,0
DA:21,0
DA:25,0
DA:29,0
DA:38,0
DA:39,0
DA:40,0
LF:12
LH:0
BRDA:11,0,0,0
BRDA:11,0,1,0
BRDA:11,0,2,0
BRDA:36,1,0,0
BRF:4
BRH:0
end_of_record
TN:
SF:src/iam/domain/models/user.entity.ts
FN:11,(anonymous_0)
FN:22,(anonymous_1)
FN:26,(anonymous_2)
FN:30,(anonymous_3)
FN:35,(anonymous_4)
FN:39,(anonymous_5)
FN:44,(anonymous_6)
FN:48,(anonymous_7)
FN:54,(anonymous_8)
FN:65,(anonymous_9)
FN:69,(anonymous_10)
FNF:11
FNH:0
FNDA:0,(anonymous_0)
FNDA:0,(anonymous_1)
FNDA:0,(anonymous_2)
FNDA:0,(anonymous_3)
FNDA:0,(anonymous_4)
FNDA:0,(anonymous_5)
FNDA:0,(anonymous_6)
FNDA:0,(anonymous_7)
FNDA:0,(anonymous_8)
FNDA:0,(anonymous_9)
FNDA:0,(anonymous_10)
DA:5,0
DA:6,0
DA:8,0
DA:9,0
DA:12,0
DA:13,0
DA:14,0
DA:15,0
DA:16,0
DA:17,0
DA:18,0
DA:23,0
DA:27,0
DA:31,0
DA:36,0
DA:40,0
DA:45,0
DA:49,0
DA:50,0
DA:59,0
DA:60,0
DA:61,0
DA:66,0
DA:70,0
LF:24
LH:0
BRDA:17,0,0,0
BRDA:18,1,0,0
BRDA:66,2,0,0
BRDA:66,2,1,0
BRDA:70,3,0,0
BRDA:70,3,1,0
BRF:6
BRH:0
end_of_record
TN:
SF:src/iam/infrastructure/persistence/mongodb/mongo-user.repository.ts
FN:12,(anonymous_4)
FN:17,(anonymous_5)
FN:22,(anonymous_6)
FN:27,(anonymous_7)
FN:34,(anonymous_8)
FN:36,(anonymous_9)
FN:39,(anonymous_10)
FN:65,(anonymous_11)
FN:69,(anonymous_12)
FNF:9
FNH:0
FNDA:0,(anonymous_4)
FNDA:0,(anonymous_5)
FNDA:0,(anonymous_6)
FNDA:0,(anonymous_7)
FNDA:0,(anonymous_8)
FNDA:0,(anonymous_9)
FNDA:0,(anonymous_10)
FNDA:0,(anonymous_11)
FNDA:0,(anonymous_12)
DA:1,0
DA:2,0
DA:3,0
DA:5,0
DA:6,0
DA:7,0
DA:8,0
DA:11,0
DA:14,0
DA:18,0
DA:19,0
DA:23,0
DA:24,0
DA:28,0
DA:31,0
DA:35,0
DA:36,0
DA:40,0
DA:42,0
DA:56,0
DA:58,0
DA:61,0
DA:66,0
DA:71,0
DA:88,0
LF:25
LH:0
BRDA:19,0,0,0
BRDA:19,0,1,0
BRDA:24,1,0,0
BRDA:24,1,1,0
BRDA:31,2,0,0
BRDA:31,2,1,0
BRDA:46,3,0,0
BRDA:46,3,1,0
BRDA:50,4,0,0
BRDA:50,4,1,0
BRDA:56,5,0,0
BRDA:56,5,1,0
BRDA:75,6,0,0
BRDA:75,6,1,0
BRDA:81,7,0,0
BRDA:81,7,1,0
BRDA:84,8,0,0
BRDA:84,8,1,0
BRDA:85,9,0,0
BRDA:85,9,1,0
BRF:20
BRH:0
end_of_record
TN:
SF:src/iam/infrastructure/persistence/mongodb/mongo.module.ts
FNF:0
FNH:0
DA:1,0
DA:2,0
DA:3,0
DA:4,0
DA:21,0
LF:5
LH:0
BRF:0
BRH:0
end_of_record
TN:
SF:src/iam/infrastructure/persistence/mongodb/schemas/user.schema.ts
FNF:0
FNH:0
DA:1,0
DA:2,0
DA:14,0
DA:16,0
DA:19,0
DA:22,0
DA:25,0
DA:31,0
DA:41,0
LF:9
LH:0
BRF:0
BRH:0
end_of_record
TN:
SF:src/iam/interfaces/http/controllers/auth.controller.ts
FN:15,(anonymous_4)
FN:28,(anonymous_5)
FN:44,(anonymous_6)
FN:61,(anonymous_7)
FNF:4
FNH:0
FNDA:0,(anonymous_4)
FNDA:0,(anonymous_5)
FNDA:0,(anonymous_6)
FNDA:0,(anonymous_7)
DA:1,0
DA:2,0
DA:3,0
DA:4,0
DA:9,0
DA:10,0
DA:14,0
DA:15,0
DA:28,0
DA:29,0
DA:44,0
DA:45,0
DA:61,0
DA:65,0
DA:66,0
LF:15
LH:0
BRF:0
BRH:0
end_of_record
TN:
SF:src/iam/interfaces/http/controllers/user.controller.ts
FN:10,(anonymous_4)
FN:21,(anonymous_5)
FN:38,(anonymous_6)
FN:57,(anonymous_7)
FN:75,(anonymous_8)
FN:93,(anonymous_9)
FNF:6
FNH:0
FNDA:0,(anonymous_4)
FNDA:0,(anonymous_5)
FNDA:0,(anonymous_6)
FNDA:0,(anonymous_7)
FNDA:0,(anonymous_8)
FNDA:0,(anonymous_9)
DA:1,0
DA:2,0
DA:3,0
DA:4,0
DA:5,0
DA:9,0
DA:10,0
DA:21,0
DA:22,0
DA:38,0
DA:39,0
DA:40,0
DA:57,0
DA:58,0
DA:75,0
DA:76,0
DA:93,0
DA:94,0
LF:18
LH:0
BRF:0
BRH:0
end_of_record
TN:
SF:src/iam/interfaces/http/guards/auth.guard.ts
FN:13,(anonymous_2)
FN:18,(anonymous_3)
FN:40,(anonymous_4)
FN:44,(anonymous_5)
FNF:4
FNH:0
FNDA:0,(anonymous_2)
FNDA:0,(anonymous_3)
FNDA:0,(anonymous_4)
FNDA:0,(anonymous_5)
DA:1,0
DA:2,0
DA:3,0
DA:12,0
DA:14,0
DA:15,0
DA:19,0
DA:20,0
DA:22,0
DA:23,0
DA:26,0
DA:27,0
DA:28,0
DA:31,0
DA:33,0
DA:35,0
DA:41,0
DA:45,0
DA:46,0
LF:19
LH:0
BRDA:22,0,0,0
BRDA:27,1,0,0
BRDA:27,1,1,0
BRDA:45,2,0,0
BRDA:45,2,1,0
BRDA:46,3,0,0
BRDA:46,3,1,0
BRF:7
BRH:0
end_of_record
TN:
SF:src/iam/interfaces/http/guards/subscription.guard.ts
FN:13,(anonymous_1)
FNF:1
FNH:0
FNDA:0,(anonymous_1)
DA:1,0
DA:12,0
DA:14,0
DA:17,0
DA:18,0
DA:21,0
LF:6
LH:0
BRDA:17,0,0,0
BRDA:17,1,0,0
BRDA:17,1,1,0
BRF:3
BRH:0
end_of_record
TN:
SF:src/notion/application/notion-application.module.ts
FNF:0
FNH:0
DA:1,0
DA:2,0
DA:3,0
DA:4,0
DA:5,0
DA:22,0
LF:6
LH:0
BRF:0
BRH:0
end_of_record
TN:
SF:src/notion/application/dtos/backlink.dto.ts
FNF:0
FNH:0
DA:1,0
DA:10,0
LF:2
LH:0
BRF:0
BRH:0
end_of_record
TN:
SF:src/notion/application/dtos/database.dto.ts
FNF:0
FNH:0
DA:1,0
DA:14,0
LF:2
LH:0
BRF:0
BRH:0
end_of_record
TN:
SF:src/notion/application/dtos/page.dto.ts
FNF:0
FNH:0
DA:3,0
DA:10,0
DA:22,0
LF:3
LH:0
BRF:0
BRH:0
end_of_record
TN:
SF:src/notion/application/services/backlink-extractor.service.ts
FN:18,(anonymous_4)
FN:27,(anonymous_5)
FN:33,(anonymous_6)
FN:70,(anonymous_7)
FN:91,(anonymous_8)
FN:99,(anonymous_9)
FN:112,(anonymous_10)
FN:125,(anonymous_11)
FN:145,(anonymous_12)
FN:184,(anonymous_13)
FN:195,(anonymous_14)
FNF:11
FNH:11
FNDA:12,(anonymous_4)
FNDA:3,(anonymous_5)
FNDA:7,(anonymous_6)
FNDA:5,(anonymous_7)
FNDA:3,(anonymous_8)
FNDA:6,(anonymous_9)
FNDA:2,(anonymous_10)
FNDA:2,(anonymous_11)
FNDA:16,(anonymous_12)
FNDA:1,(anonymous_13)
FNDA:7,(anonymous_14)
DA:1,2
DA:3,2
DA:4,2
DA:5,2
DA:15,2
DA:16,12
DA:20,12
DA:28,3
DA:29,3
DA:32,3
DA:33,7
DA:36,3
DA:38,3
DA:39,7
DA:40,7
DA:41,7
DA:44,7
DA:45,5
DA:48,5
DA:51,5
DA:52,5
DA:55,5
DA:65,3
DA:66,5
DA:67,5
DA:70,5
DA:71,5
DA:82,5
DA:85,3
DA:92,3
DA:93,3
DA:94,1
DA:97,2
DA:98,2
DA:99,6
DA:101,2
DA:104,2
DA:105,6
DA:107,4
DA:108,4
DA:109,4
DA:112,4
DA:114,4
DA:115,2
DA:125,2
DA:126,2
DA:137,2
DA:139,2
DA:146,16
DA:148,14
DA:151,14
DA:154,14
DA:155,13
DA:156,13
DA:158,13
DA:160,11
DA:161,11
DA:162,2
DA:164,2
DA:165,2
DA:168,13
DA:169,12
DA:178,14
DA:186,1
DA:187,1
DA:189,1
DA:197,7
DA:210,7
LF:68
LH:68
BRDA:41,0,0,7
BRDA:41,0,1,0
BRDA:48,1,0,0
BRDA:51,2,0,5
BRDA:67,3,0,0
BRDA:93,4,0,1
BRDA:105,5,0,2
BRDA:109,6,0,4
BRDA:109,6,1,0
BRDA:146,7,0,2
BRDA:158,8,0,11
BRDA:158,8,1,2
BRDA:162,9,0,2
BRDA:162,10,0,2
BRDA:162,10,1,2
BRDA:168,11,0,12
BRDA:168,12,0,13
BRDA:168,12,1,13
BRDA:173,13,0,12
BRDA:173,13,1,0
BRF:20
BRH:15
end_of_record
TN:
SF:src/notion/application/services/database.service.ts
FN:16,(anonymous_4)
FN:27,(anonymous_5)
FN:29,(anonymous_6)
FN:35,(anonymous_7)
FN:37,(anonymous_8)
FN:43,(anonymous_9)
FN:54,(anonymous_10)
FN:73,(anonymous_11)
FN:91,(anonymous_12)
FN:102,(anonymous_13)
FN:151,(anonymous_14)
FN:207,(anonymous_15)
FNF:12
FNH:12
FNDA:9,(anonymous_4)
FNDA:2,(anonymous_5)
FNDA:2,(anonymous_6)
FNDA:1,(anonymous_7)
FNDA:2,(anonymous_8)
FNDA:2,(anonymous_9)
FNDA:2,(anonymous_10)
FNDA:3,(anonymous_11)
FNDA:2,(anonymous_12)
FNDA:1,(anonymous_13)
FNDA:3,(anonymous_14)
FNDA:5,(anonymous_15)
DA:1,2
DA:4,2
DA:5,2
DA:6,2
DA:13,2
DA:14,9
DA:18,9
DA:20,9
DA:21,9
DA:28,2
DA:29,2
DA:36,1
DA:37,2
DA:44,2
DA:45,2
DA:46,1
DA:48,1
DA:55,2
DA:67,2
DA:75,3
DA:76,3
DA:77,1
DA:81,2
DA:84,2
DA:85,2
DA:86,2
DA:87,2
DA:90,2
DA:91,2
DA:92,2
DA:93,1
DA:94,1
DA:99,2
DA:100,1
DA:102,1
DA:104,1
DA:105,1
DA:106,1
DA:111,2
DA:112,1
DA:113,1
DA:117,2
DA:118,1
DA:130,1
DA:134,2
DA:135,2
DA:138,2
DA:139,2
DA:141,2
DA:142,3
DA:143,3
DA:146,3
DA:147,3
DA:149,3
DA:150,3
DA:151,3
DA:155,3
DA:157,1
DA:158,1
DA:170,1
DA:171,1
DA:175,2
DA:186,2
DA:187,2
DA:192,2
DA:193,2
DA:195,2
DA:208,5
LF:68
LH:68
BRDA:45,0,0,1
BRDA:76,1,0,1
BRDA:90,2,0,2
BRDA:90,3,0,2
BRDA:90,3,1,2
BRDA:92,4,0,1
BRDA:92,5,0,2
BRDA:92,5,1,2
BRDA:99,6,0,1
BRDA:100,7,0,0
BRDA:100,7,1,1
BRDA:104,8,0,1
BRDA:104,9,0,1
BRDA:104,9,1,1
BRDA:111,10,0,1
BRDA:111,11,0,2
BRDA:111,11,1,2
BRDA:117,12,0,1
BRDA:147,13,0,3
BRDA:147,14,0,3
BRDA:147,14,1,3
BRDA:147,14,2,3
BRDA:150,15,0,3
BRDA:150,16,0,3
BRDA:150,16,1,3
BRDA:151,17,0,3
BRDA:151,17,1,0
BRDA:155,18,0,1
BRDA:155,18,1,2
BRDA:157,19,0,1
BRF:30
BRH:28
end_of_record
TN:
SF:src/notion/application/services/page.service.ts
FN:18,(anonymous_4)
FN:29,(anonymous_5)
FN:31,(anonymous_6)
FN:37,(anonymous_7)
FN:39,(anonymous_8)
FN:45,(anonymous_9)
FN:56,(anonymous_10)
FN:67,(anonymous_11)
FN:69,(anonymous_12)
FN:75,(anonymous_13)
FN:97,(anonymous_14)
FN:120,(anonymous_15)
FN:169,(anonymous_16)
FN:176,(anonymous_17)
FN:182,(anonymous_18)
FN:198,(anonymous_19)
FN:204,(anonymous_20)
FN:212,(anonymous_21)
FN:220,(anonymous_22)
FN:228,(anonymous_23)
FN:236,(anonymous_24)
FN:252,(anonymous_25)
FN:261,(anonymous_26)
FN:264,(anonymous_27)
FN:273,(anonymous_28)
FN:306,(anonymous_29)
FNF:26
FNH:21
FNDA:14,(anonymous_4)
FNDA:2,(anonymous_5)
FNDA:2,(anonymous_6)
FNDA:1,(anonymous_7)
FNDA:2,(anonymous_8)
FNDA:2,(anonymous_9)
FNDA:2,(anonymous_10)
FNDA:1,(anonymous_11)
FNDA:2,(anonymous_12)
FNDA:3,(anonymous_13)
FNDA:2,(anonymous_14)
FNDA:1,(anonymous_15)
FNDA:8,(anonymous_16)
FNDA:0,(anonymous_17)
FNDA:1,(anonymous_18)
FNDA:2,(anonymous_19)
FNDA:2,(anonymous_20)
FNDA:2,(anonymous_21)
FNDA:0,(anonymous_22)
FNDA:0,(anonymous_23)
FNDA:0,(anonymous_24)
FNDA:2,(anonymous_25)
FNDA:2,(anonymous_26)
FNDA:1,(anonymous_27)
FNDA:0,(anonymous_28)
FNDA:1,(anonymous_29)
DA:1,2
DA:4,2
DA:5,2
DA:6,2
DA:15,2
DA:16,14
DA:20,14
DA:22,14
DA:23,14
DA:30,2
DA:31,2
DA:38,1
DA:39,2
DA:46,2
DA:47,2
DA:48,1
DA:50,1
DA:57,2
DA:58,2
DA:59,1
DA:61,1
DA:68,1
DA:69,2
DA:77,3
DA:78,3
DA:79,1
DA:83,2
DA:86,2
DA:87,2
DA:88,2
DA:89,2
DA:90,2
DA:93,2
DA:95,2
DA:96,2
DA:97,2
DA:98,2
DA:99,1
DA:100,1
DA:106,2
DA:109,2
DA:110,2
DA:111,1
DA:112,1
DA:116,2
DA:117,2
DA:120,2
DA:121,2
DA:123,2
DA:124,1
DA:125,1
DA:126,1
DA:127,0
DA:128,0
DA:133,2
DA:134,1
DA:135,1
DA:140,2
DA:141,1
DA:153,1
DA:156,2
DA:170,8
DA:176,0
DA:182,1
DA:199,2
DA:201,2
DA:202,4
DA:203,2
DA:204,2
DA:207,2
DA:208,2
DA:210,2
DA:211,2
DA:212,2
DA:215,2
DA:216,2
DA:218,0
DA:219,0
DA:220,0
DA:223,0
DA:224,0
DA:226,0
DA:227,0
DA:228,0
DA:231,0
DA:232,0
DA:234,0
DA:235,0
DA:236,0
DA:239,0
DA:240,0
DA:246,2
DA:253,2
DA:255,2
DA:256,4
DA:257,4
DA:259,4
DA:261,2
DA:262,2
DA:264,1
DA:265,1
DA:267,0
DA:268,0
DA:270,1
DA:271,1
DA:273,0
DA:274,0
DA:276,0
DA:277,0
DA:279,0
DA:280,0
DA:282,0
DA:283,0
DA:285,0
DA:286,0
DA:289,0
DA:292,4
DA:300,2
DA:308,1
DA:309,0
DA:313,1
DA:314,0
DA:315,1
DA:316,0
DA:319,0
DA:320,0
DA:322,0
DA:324,1
LF:128
LH:91
BRDA:47,0,0,1
BRDA:58,1,0,1
BRDA:78,2,0,1
BRDA:93,3,0,2
BRDA:93,4,0,2
BRDA:93,4,1,2
BRDA:93,4,2,2
BRDA:96,5,0,2
BRDA:96,6,0,2
BRDA:96,6,1,2
BRDA:97,7,0,2
BRDA:97,7,1,0
BRDA:98,8,0,1
BRDA:98,9,0,2
BRDA:98,9,1,2
BRDA:110,10,0,1
BRDA:116,11,0,2
BRDA:123,12,0,1
BRDA:126,13,0,0
BRDA:126,14,0,1
BRDA:126,14,1,1
BRDA:133,15,0,1
BRDA:140,16,0,1
BRDA:140,17,0,2
BRDA:140,17,1,1
BRDA:202,18,0,2
BRDA:202,18,1,2
BRDA:202,19,0,4
BRDA:202,19,1,2
BRDA:203,20,0,2
BRDA:203,20,1,0
BRDA:204,21,0,2
BRDA:204,21,1,0
BRDA:207,22,0,2
BRDA:210,23,0,2
BRDA:210,23,1,0
BRDA:210,24,0,2
BRDA:210,24,1,2
BRDA:211,25,0,2
BRDA:211,25,1,0
BRDA:212,26,0,2
BRDA:212,26,1,0
BRDA:215,27,0,2
BRDA:218,28,0,0
BRDA:218,28,1,0
BRDA:218,29,0,0
BRDA:218,29,1,0
BRDA:219,30,0,0
BRDA:219,30,1,0
BRDA:220,31,0,0
BRDA:220,31,1,0
BRDA:223,32,0,0
BRDA:226,33,0,0
BRDA:226,33,1,0
BRDA:226,34,0,0
BRDA:226,34,1,0
BRDA:227,35,0,0
BRDA:227,35,1,0
BRDA:228,36,0,0
BRDA:228,36,1,0
BRDA:231,37,0,0
BRDA:234,38,0,0
BRDA:234,39,0,0
BRDA:234,39,1,0
BRDA:235,40,0,0
BRDA:235,40,1,0
BRDA:236,41,0,0
BRDA:236,41,1,0
BRDA:239,42,0,0
BRDA:259,43,0,2
BRDA:259,43,1,1
BRDA:259,43,2,0
BRDA:259,43,3,1
BRDA:259,43,4,0
BRDA:259,43,5,0
BRDA:259,43,6,0
BRDA:259,43,7,0
BRDA:259,43,8,0
BRDA:259,43,9,0
BRDA:261,44,0,2
BRDA:261,44,1,0
BRDA:264,45,0,1
BRDA:264,45,1,0
BRDA:270,46,0,1
BRDA:270,46,1,0
BRDA:273,47,0,0
BRDA:273,47,1,0
BRDA:276,48,0,0
BRDA:276,48,1,0
BRDA:279,49,0,0
BRDA:279,49,1,0
BRDA:282,50,0,0
BRDA:282,50,1,0
BRDA:285,51,0,0
BRDA:285,51,1,0
BRDA:308,52,0,0
BRDA:308,53,0,1
BRDA:308,53,1,1
BRDA:308,53,2,1
BRDA:313,54,0,0
BRDA:313,54,1,1
BRDA:313,55,0,1
BRDA:313,55,1,0
BRDA:313,55,2,0
BRDA:315,56,0,0
BRDA:315,56,1,1
BRDA:315,57,0,1
BRDA:315,57,1,0
BRDA:316,58,0,0
BRDA:320,59,0,0
BRF:110
BRH:49
end_of_record
TN:
SF:src/notion/domain/events/database-imported.event.ts
FN:19,(anonymous_0)
FN:27,(anonymous_1)
FN:31,(anonymous_2)
FN:35,(anonymous_3)
FN:39,(anonymous_4)
FN:43,(anonymous_5)
FN:47,(anonymous_6)
FNF:7
FNH:0
FNDA:0,(anonymous_0)
FNDA:0,(anonymous_1)
FNDA:0,(anonymous_2)
FNDA:0,(anonymous_3)
FNDA:0,(anonymous_4)
FNDA:0,(anonymous_5)
FNDA:0,(anonymous_6)
DA:11,2
DA:12,0
DA:20,0
DA:21,0
DA:22,0
DA:23,0
DA:24,0
DA:28,0
DA:32,0
DA:36,0
DA:40,0
DA:44,0
DA:48,0
LF:13
LH:1
BRF:0
BRH:0
end_of_record
TN:
SF:src/notion/domain/events/page-updated.event.ts
FN:17,(anonymous_0)
FN:24,(anonymous_1)
FN:28,(anonymous_2)
FN:32,(anonymous_3)
FN:36,(anonymous_4)
FN:40,(anonymous_5)
FNF:6
FNH:0
FNDA:0,(anonymous_0)
FNDA:0,(anonymous_1)
FNDA:0,(anonymous_2)
FNDA:0,(anonymous_3)
FNDA:0,(anonymous_4)
FNDA:0,(anonymous_5)
DA:10,4
DA:11,0
DA:18,0
DA:19,0
DA:20,0
DA:21,0
DA:25,0
DA:29,0
DA:33,0
DA:37,0
DA:41,0
LF:11
LH:1
BRDA:41,0,0,0
BRDA:41,0,1,0
BRF:2
BRH:0
end_of_record
TN:
SF:src/notion/domain/models/backlink.value-object.ts
FN:20,(anonymous_0)
FN:29,(anonymous_1)
FN:33,(anonymous_2)
FN:37,(anonymous_3)
FN:41,(anonymous_4)
FN:45,(anonymous_5)
FN:49,(anonymous_6)
FN:53,(anonymous_7)
FNF:8
FNH:7
FNDA:8,(anonymous_0)
FNDA:1,(anonymous_1)
FNDA:6,(anonymous_2)
FNDA:1,(anonymous_3)
FNDA:4,(anonymous_4)
FNDA:1,(anonymous_5)
FNDA:1,(anonymous_6)
FNDA:0,(anonymous_7)
DA:12,3
DA:21,8
DA:22,8
DA:23,8
DA:24,8
DA:25,8
DA:26,8
DA:30,1
DA:34,6
DA:38,1
DA:42,4
DA:46,1
DA:50,1
DA:54,0
DA:56,0
LF:15
LH:13
BRDA:54,0,0,0
BRDA:56,1,0,0
BRDA:56,1,1,0
BRDA:56,1,2,0
BRF:4
BRH:0
end_of_record
TN:
SF:src/notion/domain/models/notion-database.entity.ts
FN:34,(anonymous_0)
FN:48,(anonymous_1)
FN:52,(anonymous_2)
FN:56,(anonymous_3)
FN:60,(anonymous_4)
FN:64,(anonymous_5)
FN:68,(anonymous_6)
FN:72,(anonymous_7)
FN:76,(anonymous_8)
FN:80,(anonymous_9)
FN:84,(anonymous_10)
FN:88,(anonymous_11)
FN:93,(anonymous_12)
FN:94,(anonymous_13)
FN:100,(anonymous_14)
FN:104,(anonymous_15)
FN:118,(anonymous_16)
FN:122,(anonymous_17)
FNF:18
FNH:10
FNDA:10,(anonymous_0)
FNDA:8,(anonymous_1)
FNDA:12,(anonymous_2)
FNDA:8,(anonymous_3)
FNDA:8,(anonymous_4)
FNDA:6,(anonymous_5)
FNDA:11,(anonymous_6)
FNDA:12,(anonymous_7)
FNDA:0,(anonymous_8)
FNDA:0,(anonymous_9)
FNDA:8,(anonymous_10)
FNDA:5,(anonymous_11)
FNDA:0,(anonymous_12)
FNDA:0,(anonymous_13)
FNDA:0,(anonymous_14)
FNDA:0,(anonymous_15)
FNDA:0,(anonymous_16)
FNDA:0,(anonymous_17)
DA:6,2
DA:21,2
DA:30,10
DA:35,10
DA:36,10
DA:37,10
DA:38,10
DA:39,10
DA:40,10
DA:41,10
DA:42,10
DA:43,10
DA:44,10
DA:49,8
DA:53,12
DA:57,8
DA:61,8
DA:65,6
DA:69,11
DA:73,12
DA:77,0
DA:81,0
DA:85,8
DA:89,5
DA:94,0
DA:95,0
DA:101,0
DA:105,0
DA:108,0
DA:119,0
DA:123,0
LF:31
LH:22
BRDA:40,0,0,10
BRDA:40,0,1,10
BRDA:94,1,0,0
BRF:3
BRH:2
end_of_record
TN:
SF:src/notion/domain/models/notion-page.entity.ts
FN:32,(anonymous_0)
FN:45,(anonymous_1)
FN:49,(anonymous_2)
FN:53,(anonymous_3)
FN:57,(anonymous_4)
FN:61,(anonymous_5)
FN:65,(anonymous_6)
FN:69,(anonymous_7)
FN:73,(anonymous_8)
FN:77,(anonymous_9)
FN:81,(anonymous_10)
FN:86,(anonymous_11)
FN:87,(anonymous_12)
FN:92,(anonymous_13)
FN:93,(anonymous_14)
FN:96,(anonymous_15)
FN:97,(anonymous_16)
FN:102,(anonymous_17)
FN:123,(anonymous_18)
FNF:19
FNH:10
FNDA:35,(anonymous_0)
FNDA:51,(anonymous_1)
FNDA:33,(anonymous_2)
FNDA:19,(anonymous_3)
FNDA:17,(anonymous_4)
FNDA:33,(anonymous_5)
FNDA:17,(anonymous_6)
FNDA:8,(anonymous_7)
FNDA:22,(anonymous_8)
FNDA:26,(anonymous_9)
FNDA:0,(anonymous_10)
FNDA:0,(anonymous_11)
FNDA:0,(anonymous_12)
FNDA:0,(anonymous_13)
FNDA:0,(anonymous_14)
FNDA:0,(anonymous_15)
FNDA:0,(anonymous_16)
FNDA:0,(anonymous_17)
FNDA:0,(anonymous_18)
DA:6,4
DA:20,4
DA:30,35
DA:33,35
DA:34,35
DA:35,35
DA:36,35
DA:37,35
DA:38,35
DA:39,35
DA:40,35
DA:41,35
DA:46,51
DA:50,33
DA:54,19
DA:58,17
DA:62,33
DA:66,17
DA:70,8
DA:74,22
DA:78,26
DA:82,0
DA:87,0
DA:88,0
DA:93,0
DA:97,0
DA:98,0
DA:103,0
DA:104,0
DA:107,0
DA:108,0
DA:111,0
DA:114,0
DA:124,0
LF:34
LH:21
BRDA:40,0,0,35
BRDA:40,0,1,0
BRDA:41,1,0,35
BRDA:41,1,1,0
BRDA:87,2,0,0
BRDA:97,3,0,0
BRDA:103,4,0,0
BRDA:107,5,0,0
BRF:8
BRH:2
end_of_record
TN:
SF:src/notion/domain/models/page-property.value-object.ts
FN:20,(anonymous_0)
FN:27,(anonymous_1)
FN:31,(anonymous_2)
FN:35,(anonymous_3)
FN:39,(anonymous_4)
FN:43,(anonymous_5)
FN:68,(anonymous_6)
FNF:7
FNH:5
FNDA:5,(anonymous_0)
FNDA:4,(anonymous_1)
FNDA:2,(anonymous_2)
FNDA:6,(anonymous_3)
FNDA:6,(anonymous_4)
FNDA:0,(anonymous_5)
FNDA:0,(anonymous_6)
DA:14,2
DA:21,5
DA:22,5
DA:23,5
DA:24,5
DA:28,4
DA:32,2
DA:36,6
DA:40,6
DA:44,0
DA:47,0
DA:48,0
DA:55,0
DA:56,0
DA:63,0
DA:64,0
DA:68,0
DA:72,0
DA:73,0
DA:78,0
LF:20
LH:9
BRDA:44,0,0,0
BRDA:47,1,0,0
BRDA:47,2,0,0
BRDA:47,2,1,0
BRDA:48,3,0,0
BRDA:48,3,1,0
BRDA:48,3,2,0
BRDA:48,3,3,0
BRDA:55,4,0,0
BRDA:55,5,0,0
BRDA:55,5,1,0
BRDA:56,6,0,0
BRDA:56,6,1,0
BRDA:56,6,2,0
BRDA:56,6,3,0
BRDA:63,7,0,0
BRDA:63,8,0,0
BRDA:63,8,1,0
BRDA:64,9,0,0
BRDA:64,9,1,0
BRDA:64,9,2,0
BRDA:64,9,3,0
BRDA:64,9,4,0
BRDA:72,10,0,0
BRDA:72,11,0,0
BRDA:72,11,1,0
BRDA:73,12,0,0
BRDA:73,12,1,0
BRDA:73,12,2,0
BRF:29
BRH:0
end_of_record
TN:
SF:src/notion/infrastructure/notion-infrastructure.module.ts
FNF:0
FNH:0
DA:1,0
DA:2,0
DA:3,0
DA:6,0
DA:7,0
DA:10,0
DA:11,0
DA:14,0
DA:15,0
DA:47,0
LF:10
LH:0
BRF:0
BRH:0
end_of_record
TN:
SF:src/notion/infrastructure/api/notion-api.service.ts
FN:22,(anonymous_2)
FN:43,(anonymous_3)
FN:45,(anonymous_4)
FN:67,(anonymous_5)
FN:78,(anonymous_6)
FN:95,(anonymous_7)
FN:115,(anonymous_8)
FN:117,(anonymous_9)
FN:131,(anonymous_10)
FN:139,(anonymous_11)
FN:166,(anonymous_12)
FN:168,(anonymous_13)
FN:183,(anonymous_14)
FNF:13
FNH:0
FNDA:0,(anonymous_2)
FNDA:0,(anonymous_3)
FNDA:0,(anonymous_4)
FNDA:0,(anonymous_5)
FNDA:0,(anonymous_6)
FNDA:0,(anonymous_7)
FNDA:0,(anonymous_8)
FNDA:0,(anonymous_9)
FNDA:0,(anonymous_10)
FNDA:0,(anonymous_11)
FNDA:0,(anonymous_12)
FNDA:0,(anonymous_13)
FNDA:0,(anonymous_14)
DA:1,3
DA:2,3
DA:3,3
DA:4,3
DA:18,3
DA:19,0
DA:23,0
DA:24,0
DA:26,0
DA:27,0
DA:28,0
DA:31,0
DA:35,0
DA:44,0
DA:45,0
DA:46,0
DA:50,0
DA:51,0
DA:54,0
DA:56,0
DA:57,0
DA:71,0
DA:72,0
DA:73,0
DA:74,0
DA:77,0
DA:78,0
DA:79,0
DA:87,0
DA:93,0
DA:95,0
DA:99,0
DA:100,0
DA:103,0
DA:105,0
DA:106,0
DA:116,0
DA:117,0
DA:118,0
DA:121,0
DA:122,0
DA:132,0
DA:133,0
DA:134,0
DA:135,0
DA:138,0
DA:139,0
DA:140,0
DA:146,0
DA:147,0
DA:149,0
DA:150,0
DA:153,0
DA:155,0
DA:156,0
DA:167,0
DA:168,0
DA:169,0
DA:175,0
DA:176,0
DA:184,0
DA:185,0
DA:186,0
DA:189,0
DA:192,0
LF:65
LH:5
BRDA:27,0,0,0
BRDA:50,1,0,0
BRDA:69,2,0,0
BRDA:100,3,0,0
BRDA:100,3,1,0
BRDA:150,4,0,0
BRDA:150,4,1,0
BRDA:166,5,0,0
BRDA:184,6,0,0
BRF:9
BRH:0
end_of_record
TN:
SF:src/notion/infrastructure/api/rate-limiter.service.ts
FN:20,(anonymous_2)
FN:36,(anonymous_3)
FN:48,(anonymous_4)
FN:59,(anonymous_5)
FN:70,(anonymous_6)
FN:77,(anonymous_7)
FN:80,(anonymous_8)
FNF:7
FNH:0
FNDA:0,(anonymous_2)
FNDA:0,(anonymous_3)
FNDA:0,(anonymous_4)
FNDA:0,(anonymous_5)
FNDA:0,(anonymous_6)
FNDA:0,(anonymous_7)
FNDA:0,(anonymous_8)
DA:1,3
DA:2,3
DA:15,3
DA:16,0
DA:17,0
DA:20,0
DA:23,0
DA:28,0
DA:37,0
DA:38,0
DA:39,0
DA:41,0
DA:50,0
DA:53,0
DA:54,0
DA:55,0
DA:57,0
DA:58,0
DA:59,0
DA:64,0
DA:78,0
DA:79,0
DA:80,0
LF:23
LH:3
BRDA:24,0,0,0
BRDA:24,0,1,0
BRDA:25,1,0,0
BRDA:25,1,1,0
BRDA:53,2,0,0
BRDA:57,3,0,0
BRF:6
BRH:0
end_of_record
TN:
SF:src/notion/infrastructure/persistence/mongodb/notion-database.repository.ts
FN:10,(anonymous_4)
FN:15,(anonymous_5)
FN:21,(anonymous_6)
FN:23,(anonymous_7)
FN:26,(anonymous_8)
FN:28,(anonymous_9)
FN:31,(anonymous_10)
FN:33,(anonymous_11)
FN:36,(anonymous_12)
FN:45,(anonymous_13)
FN:50,(anonymous_14)
FN:64,(anonymous_15)
FNF:12
FNH:0
FNDA:0,(anonymous_4)
FNDA:0,(anonymous_5)
FNDA:0,(anonymous_6)
FNDA:0,(anonymous_7)
FNDA:0,(anonymous_8)
FNDA:0,(anonymous_9)
FNDA:0,(anonymous_10)
FNDA:0,(anonymous_11)
FNDA:0,(anonymous_12)
FNDA:0,(anonymous_13)
FNDA:0,(anonymous_14)
FNDA:0,(anonymous_15)
DA:1,0
DA:2,0
DA:3,0
DA:5,0
DA:6,0
DA:9,0
DA:12,0
DA:16,0
DA:17,0
DA:18,0
DA:22,0
DA:23,0
DA:27,0
DA:28,0
DA:32,0
DA:33,0
DA:37,0
DA:38,0
DA:46,0
DA:51,0
DA:65,0
LF:21
LH:0
BRDA:17,0,0,0
BRF:1
BRH:0
end_of_record
TN:
SF:src/notion/infrastructure/persistence/mongodb/notion-database.schema.ts
FNF:0
FNH:0
DA:1,0
DA:2,0
DA:8,0
DA:10,0
DA:13,0
DA:16,0
DA:19,0
DA:22,0
DA:25,0
DA:28,0
DA:31,0
DA:34,0
DA:37,0
DA:40,0
DA:41,0
LF:15
LH:0
BRF:0
BRH:0
end_of_record
TN:
SF:src/notion/infrastructure/persistence/mongodb/notion-page.repository.ts
FN:12,(anonymous_4)
FN:17,(anonymous_5)
FN:23,(anonymous_6)
FN:25,(anonymous_7)
FN:28,(anonymous_8)
FN:34,(anonymous_9)
FN:36,(anonymous_10)
FN:39,(anonymous_11)
FN:41,(anonymous_12)
FN:44,(anonymous_13)
FN:53,(anonymous_14)
FN:54,(anonymous_15)
FN:70,(anonymous_16)
FN:75,(anonymous_17)
FN:77,(anonymous_18)
FN:87,(anonymous_19)
FN:111,(anonymous_20)
FN:113,(anonymous_21)
FN:121,(anonymous_22)
FNF:19
FNH:0
FNDA:0,(anonymous_4)
FNDA:0,(anonymous_5)
FNDA:0,(anonymous_6)
FNDA:0,(anonymous_7)
FNDA:0,(anonymous_8)
FNDA:0,(anonymous_9)
FNDA:0,(anonymous_10)
FNDA:0,(anonymous_11)
FNDA:0,(anonymous_12)
FNDA:0,(anonymous_13)
FNDA:0,(anonymous_14)
FNDA:0,(anonymous_15)
FNDA:0,(anonymous_16)
FNDA:0,(anonymous_17)
FNDA:0,(anonymous_18)
FNDA:0,(anonymous_19)
FNDA:0,(anonymous_20)
FNDA:0,(anonymous_21)
FNDA:0,(anonymous_22)
DA:1,0
DA:2,0
DA:3,0
DA:5,0
DA:6,0
DA:7,0
DA:8,0
DA:11,0
DA:14,0
DA:18,0
DA:19,0
DA:20,0
DA:24,0
DA:25,0
DA:29,0
DA:30,0
DA:31,0
DA:35,0
DA:36,0
DA:40,0
DA:41,0
DA:45,0
DA:46,0
DA:54,0
DA:55,0
DA:56,0
DA:65,0
DA:66,0
DA:71,0
DA:77,0
DA:78,0
DA:87,0
DA:88,0
DA:98,0
DA:113,0
DA:121,0
DA:130,0
LF:37
LH:0
BRDA:19,0,0,0
BRDA:30,1,0,0
BRDA:65,2,0,0
BRDA:77,3,0,0
BRDA:77,3,1,0
BRDA:87,4,0,0
BRDA:87,4,1,0
BRF:7
BRH:0
end_of_record
TN:
SF:src/notion/infrastructure/persistence/mongodb/notion-page.schema.ts
FNF:0
FNH:0
DA:1,0
DA:2,0
DA:6,0
DA:8,0
DA:11,0
DA:14,0
DA:17,0
DA:20,0
DA:24,0
DA:26,0
DA:29,0
DA:32,0
DA:35,0
DA:38,0
DA:41,0
DA:44,0
DA:51,0
DA:53,0
DA:56,0
DA:59,0
DA:62,0
DA:65,0
DA:68,0
DA:71,0
DA:74,0
DA:77,0
DA:80,0
DA:83,0
DA:84,0
DA:85,0
LF:30
LH:0
BRF:0
BRH:0
end_of_record
TN:
SF:src/shared/infrastructure/caching/redis/redis.module.ts
FNF:0
FNH:0
DA:1,0
DA:2,0
DA:3,0
DA:10,0
LF:4
LH:0
BRF:0
BRH:0
end_of_record
TN:
SF:src/shared/infrastructure/caching/redis/redis.service.ts
FN:9,(anonymous_2)
FN:16,(anonymous_3)
FN:25,(anonymous_4)
FN:29,(anonymous_5)
FNF:4
FNH:0
FNDA:0,(anonymous_2)
FNDA:0,(anonymous_3)
FNDA:0,(anonymous_4)
FNDA:0,(anonymous_5)
DA:1,0
DA:2,0
DA:3,0
DA:6,0
DA:9,0
DA:10,0
DA:18,0
DA:19,0
DA:21,0
DA:26,0
DA:30,0
LF:11
LH:0
BRF:0
BRH:0
end_of_record
TN:
SF:src/shared/infrastructure/event-bus/event-bus.module.ts
FNF:0
FNH:0
DA:1,0
DA:2,0
DA:3,0
DA:10,0
LF:4
LH:0
BRF:0
BRH:0
end_of_record
TN:
SF:src/shared/infrastructure/event-bus/event-bus.service.ts
FN:13,(anonymous_2)
FN:18,(anonymous_3)
FN:33,(anonymous_4)
FN:52,(anonymous_5)
FNF:4
FNH:0
FNDA:0,(anonymous_2)
FNDA:0,(anonymous_3)
FNDA:0,(anonymous_4)
FNDA:0,(anonymous_5)
DA:2,0
DA:3,0
DA:6,0
DA:7,0
DA:10,0
DA:11,0
DA:14,0
DA:15,0
DA:19,0
DA:21,0
DA:22,0
DA:25,0
DA:26,0
DA:27,0
DA:28,0
DA:30,0
DA:34,0
DA:35,0
DA:37,0
DA:39,0
DA:40,0
DA:41,0
DA:42,0
DA:44,0
DA:53,0
DA:54,0
LF:26
LH:0
BRDA:21,0,0,0
BRDA:26,1,0,0
BRDA:26,1,1,0
BRDA:35,2,0,0
BRDA:35,2,1,0
BRDA:46,3,0,0
BRDA:46,3,1,0
BRF:7
BRH:0
end_of_record
TN:
SF:src/shared/infrastructure/event-bus/__tests__/mocks.ts
FN:10,(anonymous_1)
FN:16,(anonymous_2)
FN:24,(anonymous_3)
FN:28,(anonymous_4)
FN:37,(anonymous_5)
FN:41,(anonymous_6)
FN:50,(anonymous_7)
FN:54,(anonymous_8)
FN:62,(anonymous_9)
FNF:9
FNH:0
FNDA:0,(anonymous_1)
FNDA:0,(anonymous_2)
FNDA:0,(anonymous_3)
FNDA:0,(anonymous_4)
FNDA:0,(anonymous_5)
FNDA:0,(anonymous_6)
FNDA:0,(anonymous_7)
FNDA:0,(anonymous_8)
FNDA:0,(anonymous_9)
DA:1,0
DA:4,0
DA:7,0
DA:8,0
DA:9,0
DA:10,0
DA:13,0
DA:14,0
DA:15,0
DA:16,0
DA:21,0
DA:22,0
DA:25,0
DA:29,0
DA:34,0
DA:35,0
DA:38,0
DA:42,0
DA:47,0
DA:48,0
DA:51,0
DA:55,0
DA:61,0
DA:63,0
LF:24
LH:0
BRF:0
BRH:0
end_of_record
TN:
SF:src/shared/infrastructure/event-bus/decorators/event-handler.decorator.ts
FN:5,(anonymous_0)
FNF:1
FNH:0
FNDA:0,(anonymous_0)
DA:1,0
DA:3,0
DA:5,0
DA:6,0
LF:4
LH:0
BRF:0
BRH:0
end_of_record
TN:
SF:src/shared/infrastructure/logging/logger.service.ts
FN:5,(anonymous_1)
FN:9,(anonymous_2)
FN:13,(anonymous_3)
FN:17,(anonymous_4)
FN:21,(anonymous_5)
FNF:5
FNH:0
FNDA:0,(anonymous_1)
FNDA:0,(anonymous_2)
FNDA:0,(anonymous_3)
FNDA:0,(anonymous_4)
FNDA:0,(anonymous_5)
DA:1,0
DA:4,0
DA:6,0
DA:10,0
DA:14,0
DA:18,0
DA:22,0
LF:7
LH:0
BRDA:6,0,0,0
BRDA:6,0,1,0
BRDA:10,1,0,0
BRDA:10,1,1,0
BRDA:14,2,0,0
BRDA:14,2,1,0
BRDA:18,3,0,0
BRDA:18,3,1,0
BRDA:22,4,0,0
BRDA:22,4,1,0
BRF:10
BRH:0
end_of_record
TN:
SF:src/shared/infrastructure/persistence/mongodb/mongodb.module.ts
FN:10,(anonymous_1)
FNF:1
FNH:0
FNDA:0,(anonymous_1)
DA:1,0
DA:2,0
DA:3,0
DA:4,0
DA:10,0
DA:21,0
LF:6
LH:0
BRF:0
BRH:0
end_of_record
TN:
SF:src/shared/infrastructure/persistence/mongodb/mongodb.service.ts
FN:7,(anonymous_4)
FN:9,(anonymous_5)
FN:16,(anonymous_6)
FN:21,(anonymous_7)
FNF:4
FNH:0
FNDA:0,(anonymous_4)
FNDA:0,(anonymous_5)
FNDA:0,(anonymous_6)
FNDA:0,(anonymous_7)
DA:1,0
DA:2,0
DA:3,0
DA:6,0
DA:7,0
DA:11,0
DA:12,0
DA:18,0
DA:22,0
LF:9
LH:0
BRDA:11,0,0,0
BRF:1
BRH:0
end_of_record
